2020-04-22 12:46:59.621  INFO [users-ws,,,] 3217 --- [restartedMain] c.c.c.ConfigServicePropertySourceLocator : Fetching config from server at : http://localhost:8012
2020-04-22 12:46:59.889  INFO [users-ws,,,] 3217 --- [restartedMain] c.c.c.ConfigServicePropertySourceLocator : Located environment: name=users-ws, profiles=[default], label=null, version=null, state=null
2020-04-22 12:46:59.890  INFO [users-ws,,,] 3217 --- [restartedMain] b.c.PropertySourceBootstrapConfiguration : Located property source: [BootstrapPropertySource {name='bootstrapProperties-file:///home/alediaz/Desktop/dev/users-ws.properties'}, BootstrapPropertySource {name='bootstrapProperties-file:///home/alediaz/Desktop/dev/application.properties'}]
2020-04-22 12:46:59.937  INFO [users-ws,,,] 3217 --- [restartedMain] c.e.photousers.PhotousersApplication     : No active profile set, falling back to default profiles: default
2020-04-22 12:47:01.307  WARN [users-ws,,,] 3217 --- [restartedMain] o.s.boot.actuate.endpoint.EndpointId     : Endpoint ID 'bus-env' contains invalid characters, please migrate to a valid format.
2020-04-22 12:47:01.683  INFO [users-ws,,,] 3217 --- [restartedMain] .s.d.r.c.RepositoryConfigurationDelegate : Bootstrapping Spring Data JPA repositories in DEFAULT mode.
2020-04-22 12:47:01.781  INFO [users-ws,,,] 3217 --- [restartedMain] .s.d.r.c.RepositoryConfigurationDelegate : Finished Spring Data repository scanning in 87ms. Found 1 JPA repository interfaces.
2020-04-22 12:47:01.883  WARN [users-ws,,,] 3217 --- [restartedMain] o.s.boot.actuate.endpoint.EndpointId     : Endpoint ID 'bus-refresh' contains invalid characters, please migrate to a valid format.
2020-04-22 12:47:01.967  WARN [users-ws,,,] 3217 --- [restartedMain] o.s.boot.actuate.endpoint.EndpointId     : Endpoint ID 'service-registry' contains invalid characters, please migrate to a valid format.
2020-04-22 12:47:02.156  WARN [users-ws,,,] 3217 --- [restartedMain] o.s.boot.actuate.endpoint.EndpointId     : Endpoint ID 'hystrix.stream' contains invalid characters, please migrate to a valid format.
2020-04-22 12:47:02.478  INFO [users-ws,,,] 3217 --- [restartedMain] o.s.cloud.context.scope.GenericScope     : BeanFactory id=3b1f106d-30c1-3264-87fb-c010148c8ba9
2020-04-22 12:47:02.832  INFO [users-ws,,,] 3217 --- [restartedMain] faultConfiguringBeanFactoryPostProcessor : No bean named 'errorChannel' has been explicitly defined. Therefore, a default PublishSubscribeChannel will be created.
2020-04-22 12:47:02.838  INFO [users-ws,,,] 3217 --- [restartedMain] faultConfiguringBeanFactoryPostProcessor : No bean named 'taskScheduler' has been explicitly defined. Therefore, a default ThreadPoolTaskScheduler will be created.
2020-04-22 12:47:02.842  INFO [users-ws,,,] 3217 --- [restartedMain] faultConfiguringBeanFactoryPostProcessor : No bean named 'integrationHeaderChannelRegistry' has been explicitly defined. Therefore, a default DefaultHeaderChannelRegistry will be created.
2020-04-22 12:47:03.173  INFO [users-ws,,,] 3217 --- [restartedMain] trationDelegate$BeanPostProcessorChecker : Bean 'integrationChannelResolver' of type [org.springframework.integration.support.channel.BeanFactoryChannelResolver] is not eligible for getting processed by all BeanPostProcessors (for example: not eligible for auto-proxying)
2020-04-22 12:47:03.183  INFO [users-ws,,,] 3217 --- [restartedMain] trationDelegate$BeanPostProcessorChecker : Bean 'integrationDisposableAutoCreatedBeans' of type [org.springframework.integration.config.annotation.Disposables] is not eligible for getting processed by all BeanPostProcessors (for example: not eligible for auto-proxying)
2020-04-22 12:47:03.229  INFO [users-ws,,,] 3217 --- [restartedMain] trationDelegate$BeanPostProcessorChecker : Bean 'org.springframework.integration.config.IntegrationManagementConfiguration' of type [org.springframework.integration.config.IntegrationManagementConfiguration] is not eligible for getting processed by all BeanPostProcessors (for example: not eligible for auto-proxying)
2020-04-22 12:47:03.244  INFO [users-ws,,,] 3217 --- [restartedMain] trationDelegate$BeanPostProcessorChecker : Bean 'org.springframework.boot.autoconfigure.integration.IntegrationAutoConfiguration$IntegrationJmxConfiguration' of type [org.springframework.boot.autoconfigure.integration.IntegrationAutoConfiguration$IntegrationJmxConfiguration] is not eligible for getting processed by all BeanPostProcessors (for example: not eligible for auto-proxying)
2020-04-22 12:47:03.261  INFO [users-ws,,,] 3217 --- [restartedMain] trationDelegate$BeanPostProcessorChecker : Bean 'org.springframework.boot.autoconfigure.jmx.JmxAutoConfiguration' of type [org.springframework.boot.autoconfigure.jmx.JmxAutoConfiguration] is not eligible for getting processed by all BeanPostProcessors (for example: not eligible for auto-proxying)
2020-04-22 12:47:03.270  INFO [users-ws,,,] 3217 --- [restartedMain] trationDelegate$BeanPostProcessorChecker : Bean 'mbeanServer' of type [com.sun.jmx.mbeanserver.JmxMBeanServer] is not eligible for getting processed by all BeanPostProcessors (for example: not eligible for auto-proxying)
2020-04-22 12:47:04.432  INFO [users-ws,,,] 3217 --- [restartedMain] o.s.b.w.embedded.tomcat.TomcatWebServer  : Tomcat initialized with port(s): 0 (http)
2020-04-22 12:47:04.470  INFO [users-ws,,,] 3217 --- [restartedMain] o.apache.catalina.core.StandardService   : Starting service [Tomcat]
2020-04-22 12:47:04.471  INFO [users-ws,,,] 3217 --- [restartedMain] org.apache.catalina.core.StandardEngine  : Starting Servlet engine: [Apache Tomcat/9.0.33]
2020-04-22 12:47:04.677  INFO [users-ws,,,] 3217 --- [restartedMain] o.a.c.c.C.[Tomcat].[localhost].[/]       : Initializing Spring embedded WebApplicationContext
2020-04-22 12:47:04.677  INFO [users-ws,,,] 3217 --- [restartedMain] o.s.web.context.ContextLoader            : Root WebApplicationContext: initialization completed in 4717 ms
2020-04-22 12:47:05.010  WARN [users-ws,,,] 3217 --- [restartedMain] c.n.c.sources.URLConfigurationSource     : No URLs will be polled as dynamic configuration sources.
2020-04-22 12:47:05.011  INFO [users-ws,,,] 3217 --- [restartedMain] c.n.c.sources.URLConfigurationSource     : To enable URLs as dynamic configuration sources, define System property archaius.configurationSource.additionalUrls or make config.properties available on classpath.
2020-04-22 12:47:05.026  INFO [users-ws,,,] 3217 --- [restartedMain] c.netflix.config.DynamicPropertyFactory  : DynamicPropertyFactory is initialized with configuration sources: com.netflix.config.ConcurrentCompositeConfiguration@4e3949b8
2020-04-22 12:47:05.186  INFO [users-ws,,,] 3217 --- [restartedMain] com.zaxxer.hikari.HikariDataSource       : HikariPool-1 - Starting...
2020-04-22 12:47:05.867  INFO [users-ws,,,] 3217 --- [restartedMain] com.zaxxer.hikari.HikariDataSource       : HikariPool-1 - Start completed.
2020-04-22 12:47:05.873  INFO [users-ws,,,] 3217 --- [restartedMain] o.s.b.a.h2.H2ConsoleAutoConfiguration    : H2 console available at '/h2-console'. Database available at 'jdbc:mysql://localhost:3306/photo_app?serverTimezone=UTC'
2020-04-22 12:47:06.979  WARN [users-ws,,,] 3217 --- [restartedMain] o.s.c.s.zipkin2.ZipkinAutoConfiguration  : Check result of the [AsyncReporter{org.springframework.cloud.sleuth.zipkin2.sender.RestTemplateSender@2ad99ee1}] contains an error [CheckResult{ok=false, error=org.springframework.web.client.ResourceAccessException: I/O error on POST request for "http://localhost:9411/api/v2/spans": Connection refused (Connection refused); nested exception is java.net.ConnectException: Connection refused (Connection refused)}]
2020-04-22 12:47:08.257  INFO [users-ws,,,] 3217 --- [restartedMain] o.s.s.c.ThreadPoolTaskScheduler          : Initializing ExecutorService 'taskScheduler'
2020-04-22 12:47:09.715  INFO [users-ws,,,] 3217 --- [restartedMain] o.hibernate.jpa.internal.util.LogHelper  : HHH000204: Processing PersistenceUnitInfo [name: default]
2020-04-22 12:47:09.874  INFO [users-ws,,,] 3217 --- [restartedMain] org.hibernate.Version                    : HHH000412: Hibernate ORM core version 5.4.12.Final
2020-04-22 12:47:10.197  INFO [users-ws,,,] 3217 --- [restartedMain] o.hibernate.annotations.common.Version   : HCANN000001: Hibernate Commons Annotations {5.1.0.Final}
2020-04-22 12:47:10.492  INFO [users-ws,,,] 3217 --- [restartedMain] org.hibernate.dialect.Dialect            : HHH000400: Using dialect: org.hibernate.dialect.MySQL57Dialect
2020-04-22 12:47:12.631  INFO [users-ws,,,] 3217 --- [restartedMain] o.h.e.t.j.p.i.JtaPlatformInitiator       : HHH000490: Using JtaPlatform implementation: [org.hibernate.engine.transaction.jta.platform.internal.NoJtaPlatform]
2020-04-22 12:47:12.641  INFO [users-ws,,,] 3217 --- [restartedMain] j.LocalContainerEntityManagerFactoryBean : Initialized JPA EntityManagerFactory for persistence unit 'default'
2020-04-22 12:47:12.746  INFO [users-ws,,,] 3217 --- [restartedMain] o.s.b.d.a.OptionalLiveReloadServer       : LiveReload server is running on port 35729
2020-04-22 12:47:13.710  WARN [users-ws,,,] 3217 --- [restartedMain] JpaBaseConfiguration$JpaWebConfiguration : spring.jpa.open-in-view is enabled by default. Therefore, database queries may be performed during view rendering. Explicitly configure spring.jpa.open-in-view to disable this warning
2020-04-22 12:47:14.777  INFO [users-ws,,,] 3217 --- [restartedMain] o.s.b.a.e.web.EndpointLinksResolver      : Exposing 0 endpoint(s) beneath base path '/actuator'
2020-04-22 12:47:14.840  INFO [users-ws,,,] 3217 --- [restartedMain] o.s.s.web.DefaultSecurityFilterChain     : Creating filter chain: any request, [org.springframework.security.web.context.request.async.WebAsyncManagerIntegrationFilter@7d51eede, org.springframework.security.web.context.SecurityContextPersistenceFilter@556cc465, org.springframework.security.web.header.HeaderWriterFilter@12d8f152, org.springframework.web.filter.CorsFilter@35abf893, org.springframework.security.web.authentication.logout.LogoutFilter@59e58f7f, com.example.photousers.security.AuthenticationFilter@31fec7f3, org.springframework.security.web.savedrequest.RequestCacheAwareFilter@6b107b2f, org.springframework.security.web.servletapi.SecurityContextHolderAwareRequestFilter@500d5be3, org.springframework.security.web.authentication.AnonymousAuthenticationFilter@1bea43e5, org.springframework.security.web.session.SessionManagementFilter@10a46fe7, org.springframework.security.web.access.ExceptionTranslationFilter@3dc4742a, org.springframework.security.web.access.intercept.FilterSecurityInterceptor@8d71bfe]
2020-04-22 12:47:14.888  WARN [users-ws,,,] 3217 --- [restartedMain] c.n.c.sources.URLConfigurationSource     : No URLs will be polled as dynamic configuration sources.
2020-04-22 12:47:14.888  INFO [users-ws,,,] 3217 --- [restartedMain] c.n.c.sources.URLConfigurationSource     : To enable URLs as dynamic configuration sources, define System property archaius.configurationSource.additionalUrls or make config.properties available on classpath.
2020-04-22 12:47:15.073  INFO [users-ws,,,] 3217 --- [restartedMain] o.s.s.concurrent.ThreadPoolTaskExecutor  : Initializing ExecutorService 'applicationTaskExecutor'
2020-04-22 12:47:15.535  INFO [users-ws,,,] 3217 --- [restartedMain] onConfiguration$FunctionBindingRegistrar : Functional binding is disabled due to the presense of @EnableBinding annotation in your configuration
2020-04-22 12:47:16.127  WARN [users-ws,,,] 3217 --- [restartedMain] ockingLoadBalancerClientRibbonWarnLogger : You already have RibbonLoadBalancerClient on your classpath. It will be used by default. As Spring Cloud Ribbon is in maintenance mode. We recommend switching to BlockingLoadBalancerClient instead. In order to use it, set the value of `spring.cloud.loadbalancer.ribbon.enabled` to `false` or remove spring-cloud-starter-netflix-ribbon from your project.
2020-04-22 12:47:16.892  INFO [users-ws,,,] 3217 --- [restartedMain] o.s.c.s.m.DirectWithAttributesChannel    : Channel 'application-1.springCloudBusInput' has 1 subscriber(s).
2020-04-22 12:47:17.060  INFO [users-ws,,,] 3217 --- [restartedMain] o.s.i.monitor.IntegrationMBeanExporter   : Registering MessageChannel springCloudBusInput
2020-04-22 12:47:17.127  INFO [users-ws,,,] 3217 --- [restartedMain] o.s.i.monitor.IntegrationMBeanExporter   : Registering MessageChannel errorChannel
2020-04-22 12:47:17.164  INFO [users-ws,,,] 3217 --- [restartedMain] o.s.i.monitor.IntegrationMBeanExporter   : Registering MessageChannel nullChannel
2020-04-22 12:47:17.177  INFO [users-ws,,,] 3217 --- [restartedMain] o.s.i.monitor.IntegrationMBeanExporter   : Registering MessageChannel springCloudBusOutput
2020-04-22 12:47:17.196  INFO [users-ws,,,] 3217 --- [restartedMain] o.s.i.monitor.IntegrationMBeanExporter   : Registering MessageHandler org.springframework.cloud.stream.binding.StreamListenerMessageHandler@46219779
2020-04-22 12:47:17.257  INFO [users-ws,,,] 3217 --- [restartedMain] o.s.i.monitor.IntegrationMBeanExporter   : Registering MessageHandler errorLogger
2020-04-22 12:47:17.294  INFO [users-ws,,,] 3217 --- [restartedMain] o.s.i.endpoint.EventDrivenConsumer       : Adding {logging-channel-adapter:_org.springframework.integration.errorLogger} as a subscriber to the 'errorChannel' channel
2020-04-22 12:47:17.295  INFO [users-ws,,,] 3217 --- [restartedMain] o.s.i.channel.PublishSubscribeChannel    : Channel 'application-1.errorChannel' has 1 subscriber(s).
2020-04-22 12:47:17.295  INFO [users-ws,,,] 3217 --- [restartedMain] o.s.i.endpoint.EventDrivenConsumer       : started bean '_org.springframework.integration.errorLogger'
2020-04-22 12:47:17.390  INFO [users-ws,,,] 3217 --- [restartedMain] c.c.c.ConfigServicePropertySourceLocator : Fetching config from server at : http://localhost:8012
2020-04-22 12:47:17.462  INFO [users-ws,,,] 3217 --- [restartedMain] c.c.c.ConfigServicePropertySourceLocator : Located environment: name=users-ws, profiles=[default], label=null, version=null, state=null
2020-04-22 12:47:17.462  INFO [users-ws,,,] 3217 --- [restartedMain] b.c.PropertySourceBootstrapConfiguration : Located property source: [BootstrapPropertySource {name='bootstrapProperties-file:///home/alediaz/Desktop/dev/users-ws.properties'}, BootstrapPropertySource {name='bootstrapProperties-file:///home/alediaz/Desktop/dev/application.properties'}]
2020-04-22 12:47:17.734  INFO [users-ws,,,] 3217 --- [restartedMain] o.s.a.r.c.CachingConnectionFactory       : Attempting to connect to: [localhost:5672]
2020-04-22 12:47:17.894  INFO [users-ws,,,] 3217 --- [restartedMain] o.s.a.r.c.CachingConnectionFactory       : Created new connection: rabbitConnectionFactory#f890b20:0/SimpleConnection@24d39eca [delegate=amqp://guest@127.0.0.1:5672/, localPort= 41824]
2020-04-22 12:47:17.962  INFO [users-ws,,,] 3217 --- [restartedMain] o.s.c.s.m.DirectWithAttributesChannel    : Channel 'application-1.springCloudBusOutput' has 1 subscriber(s).
2020-04-22 12:47:18.028  INFO [users-ws,,,] 3217 --- [restartedMain] c.s.b.r.p.RabbitExchangeQueueProvisioner : declaring queue for inbound: springCloudBus.anonymous.-vp7IPBCTQiy5ACNYmr9Zw, bound to: springCloudBus
2020-04-22 12:47:18.108  INFO [users-ws,,,] 3217 --- [restartedMain] o.s.c.stream.binder.BinderErrorChannel   : Channel 'springCloudBus.anonymous.-vp7IPBCTQiy5ACNYmr9Zw.errors' has 1 subscriber(s).
2020-04-22 12:47:18.108  INFO [users-ws,,,] 3217 --- [restartedMain] o.s.c.stream.binder.BinderErrorChannel   : Channel 'springCloudBus.anonymous.-vp7IPBCTQiy5ACNYmr9Zw.errors' has 2 subscriber(s).
2020-04-22 12:47:18.141  INFO [users-ws,,,] 3217 --- [restartedMain] o.s.i.a.i.AmqpInboundChannelAdapter      : started bean 'inbound.springCloudBus.anonymous.-vp7IPBCTQiy5ACNYmr9Zw'
2020-04-22 12:47:18.177  INFO [users-ws,,,] 3217 --- [restartedMain] o.s.i.monitor.IntegrationMBeanExporter   : Registering MessageChannel springCloudBus.anonymous.-vp7IPBCTQiy5ACNYmr9Zw.errors
2020-04-22 12:47:18.295  INFO [users-ws,,,] 3217 --- [restartedMain] o.s.b.w.embedded.tomcat.TomcatWebServer  : Tomcat started on port(s): 37731 (http) with context path ''
2020-04-22 12:47:18.296  INFO [users-ws,,,] 3217 --- [restartedMain] .s.c.n.e.s.EurekaAutoServiceRegistration : Updating port to 37731
2020-04-22 12:47:18.302  INFO [users-ws,,,] 3217 --- [restartedMain] o.s.c.n.eureka.InstanceInfoFactory       : Setting initial instance status as: STARTING
2020-04-22 12:47:18.347  INFO [users-ws,,,] 3217 --- [restartedMain] com.netflix.discovery.DiscoveryClient    : Initializing Eureka in region us-east-1
2020-04-22 12:47:18.422  INFO [users-ws,,,] 3217 --- [restartedMain] c.n.d.provider.DiscoveryJerseyProvider   : Using JSON encoding codec LegacyJacksonJson
2020-04-22 12:47:18.422  INFO [users-ws,,,] 3217 --- [restartedMain] c.n.d.provider.DiscoveryJerseyProvider   : Using JSON decoding codec LegacyJacksonJson
2020-04-22 12:47:18.546  INFO [users-ws,,,] 3217 --- [restartedMain] c.n.d.provider.DiscoveryJerseyProvider   : Using XML encoding codec XStreamXml
2020-04-22 12:47:18.546  INFO [users-ws,,,] 3217 --- [restartedMain] c.n.d.provider.DiscoveryJerseyProvider   : Using XML decoding codec XStreamXml
2020-04-22 12:47:18.727  INFO [users-ws,,,] 3217 --- [restartedMain] c.n.d.s.r.aws.ConfigClusterResolver      : Resolving eureka endpoints via configuration
2020-04-22 12:47:18.745  INFO [users-ws,,,] 3217 --- [restartedMain] com.netflix.discovery.DiscoveryClient    : Disable delta property : false
2020-04-22 12:47:18.745  INFO [users-ws,,,] 3217 --- [restartedMain] com.netflix.discovery.DiscoveryClient    : Single vip registry refresh property : null
2020-04-22 12:47:18.745  INFO [users-ws,,,] 3217 --- [restartedMain] com.netflix.discovery.DiscoveryClient    : Force full registry fetch : false
2020-04-22 12:47:18.745  INFO [users-ws,,,] 3217 --- [restartedMain] com.netflix.discovery.DiscoveryClient    : Application is null : false
2020-04-22 12:47:18.745  INFO [users-ws,,,] 3217 --- [restartedMain] com.netflix.discovery.DiscoveryClient    : Registered Applications size is zero : true
2020-04-22 12:47:18.745  INFO [users-ws,,,] 3217 --- [restartedMain] com.netflix.discovery.DiscoveryClient    : Application version is -1: true
2020-04-22 12:47:18.745  INFO [users-ws,,,] 3217 --- [restartedMain] com.netflix.discovery.DiscoveryClient    : Getting all instance registry info from the eureka server
2020-04-22 12:47:18.850  INFO [users-ws,,,] 3217 --- [restartedMain] com.netflix.discovery.DiscoveryClient    : The response status is 200
2020-04-22 12:47:18.852  INFO [users-ws,,,] 3217 --- [restartedMain] com.netflix.discovery.DiscoveryClient    : Starting heartbeat executor: renew interval is: 30
2020-04-22 12:47:18.854  INFO [users-ws,,,] 3217 --- [restartedMain] c.n.discovery.InstanceInfoReplicator     : InstanceInfoReplicator onDemand update allowed rate per min is 4
2020-04-22 12:47:18.861  INFO [users-ws,,,] 3217 --- [restartedMain] com.netflix.discovery.DiscoveryClient    : Discovery Client initialized at timestamp 1587574038858 with initial instances count: 1
2020-04-22 12:47:18.870  INFO [users-ws,,,] 3217 --- [restartedMain] o.s.c.n.e.s.EurekaServiceRegistry        : Registering application USERS-WS with eureka with status UP
2020-04-22 12:47:18.871  INFO [users-ws,,,] 3217 --- [restartedMain] com.netflix.discovery.DiscoveryClient    : Saw local status change event StatusChangeEvent [timestamp=1587574038871, current=UP, previous=STARTING]
2020-04-22 12:47:18.872  INFO [users-ws,,,] 3217 --- [DiscoveryClient-InstanceInfoReplicator-0] com.netflix.discovery.DiscoveryClient    : DiscoveryClient_USERS-WS/users-ws:23502659d3590de77d00d9d8e8589f7d: registering service...
2020-04-22 12:47:18.908  INFO [users-ws,,,] 3217 --- [DiscoveryClient-InstanceInfoReplicator-0] com.netflix.discovery.DiscoveryClient    : DiscoveryClient_USERS-WS/users-ws:23502659d3590de77d00d9d8e8589f7d - registration status: 204
2020-04-22 12:47:18.915  INFO [users-ws,,,] 3217 --- [restartedMain] c.e.photousers.PhotousersApplication     : Started PhotousersApplication in 21.401 seconds (JVM running for 23.058)
2020-04-22 12:47:19.533  INFO [users-ws,,,] 3217 --- [RMI TCP Connection(4)-127.0.0.1] o.a.c.c.C.[Tomcat].[localhost].[/]       : Initializing Spring DispatcherServlet 'dispatcherServlet'
2020-04-22 12:47:19.534  INFO [users-ws,,,] 3217 --- [RMI TCP Connection(4)-127.0.0.1] o.s.web.servlet.DispatcherServlet        : Initializing Servlet 'dispatcherServlet'
2020-04-22 12:47:19.565  INFO [users-ws,,,] 3217 --- [RMI TCP Connection(4)-127.0.0.1] o.s.web.servlet.DispatcherServlet        : Completed initialization in 31 ms
2020-04-22 12:47:19.574  INFO [users-ws,,,] 3217 --- [RMI TCP Connection(3)-127.0.0.1] c.c.c.ConfigServicePropertySourceLocator : Fetching config from server at : http://localhost:8012
2020-04-22 12:47:19.733  INFO [users-ws,,,] 3217 --- [RMI TCP Connection(3)-127.0.0.1] c.c.c.ConfigServicePropertySourceLocator : Located environment: name=users-ws, profiles=[default], label=null, version=null, state=null
2020-04-22 12:47:49.865  INFO [users-ws,,,] 3217 --- [SpringContextShutdownHook] o.s.c.n.e.s.EurekaServiceRegistry        : Unregistering application USERS-WS with eureka with status DOWN
2020-04-22 12:47:49.867  WARN [users-ws,,,] 3217 --- [SpringContextShutdownHook] com.netflix.discovery.DiscoveryClient    : Saw local status change event StatusChangeEvent [timestamp=1587574069867, current=DOWN, previous=UP]
2020-04-22 12:47:49.867  INFO [users-ws,,,] 3217 --- [DiscoveryClient-InstanceInfoReplicator-0] com.netflix.discovery.DiscoveryClient    : DiscoveryClient_USERS-WS/users-ws:23502659d3590de77d00d9d8e8589f7d: registering service...
2020-04-22 12:47:49.878  INFO [users-ws,,,] 3217 --- [DiscoveryClient-InstanceInfoReplicator-0] com.netflix.discovery.DiscoveryClient    : DiscoveryClient_USERS-WS/users-ws:23502659d3590de77d00d9d8e8589f7d - registration status: 204
2020-04-22 12:47:49.927  INFO [users-ws,,,] 3217 --- [SpringContextShutdownHook] o.s.a.r.l.SimpleMessageListenerContainer : Waiting for workers to finish.
2020-04-22 12:47:50.187  INFO [users-ws,,,] 3217 --- [SpringContextShutdownHook] o.s.a.r.l.SimpleMessageListenerContainer : Successfully waited for workers to finish.
2020-04-22 12:47:50.187  INFO [users-ws,,,] 3217 --- [SpringContextShutdownHook] o.s.i.a.i.AmqpInboundChannelAdapter      : stopped bean 'inbound.springCloudBus.anonymous.-vp7IPBCTQiy5ACNYmr9Zw'
2020-04-22 12:47:50.193  INFO [users-ws,,,] 3217 --- [SpringContextShutdownHook] o.s.c.stream.binder.BinderErrorChannel   : Channel 'application-1.springCloudBus.anonymous.-vp7IPBCTQiy5ACNYmr9Zw.errors' has 1 subscriber(s).
2020-04-22 12:47:50.194  INFO [users-ws,,,] 3217 --- [SpringContextShutdownHook] o.s.c.stream.binder.BinderErrorChannel   : Channel 'application-1.springCloudBus.anonymous.-vp7IPBCTQiy5ACNYmr9Zw.errors' has 0 subscriber(s).
2020-04-22 12:47:50.202  INFO [users-ws,,,] 3217 --- [SpringContextShutdownHook] o.s.i.endpoint.EventDrivenConsumer       : Removing {logging-channel-adapter:_org.springframework.integration.errorLogger} as a subscriber to the 'errorChannel' channel
2020-04-22 12:47:50.202  INFO [users-ws,,,] 3217 --- [SpringContextShutdownHook] o.s.i.channel.PublishSubscribeChannel    : Channel 'application-1.errorChannel' has 0 subscriber(s).
2020-04-22 12:47:50.203  INFO [users-ws,,,] 3217 --- [SpringContextShutdownHook] o.s.i.endpoint.EventDrivenConsumer       : stopped bean '_org.springframework.integration.errorLogger'
2020-04-22 12:47:50.208  INFO [users-ws,,,] 3217 --- [SpringContextShutdownHook] o.s.s.concurrent.ThreadPoolTaskExecutor  : Shutting down ExecutorService 'applicationTaskExecutor'
2020-04-22 12:47:50.230  INFO [users-ws,,,] 3217 --- [SpringContextShutdownHook] j.LocalContainerEntityManagerFactoryBean : Closing JPA EntityManagerFactory for persistence unit 'default'
2020-04-22 12:47:50.238  INFO [users-ws,,,] 3217 --- [SpringContextShutdownHook] o.s.s.c.ThreadPoolTaskScheduler          : Shutting down ExecutorService 'taskScheduler'
2020-04-22 12:47:51.042  INFO [users-ws,,,] 3217 --- [SpringContextShutdownHook] com.zaxxer.hikari.HikariDataSource       : HikariPool-1 - Shutdown initiated...
2020-04-22 12:47:51.062  INFO [users-ws,,,] 3217 --- [SpringContextShutdownHook] com.zaxxer.hikari.HikariDataSource       : HikariPool-1 - Shutdown completed.
2020-04-22 12:47:51.066  INFO [users-ws,,,] 3217 --- [SpringContextShutdownHook] o.s.i.monitor.IntegrationMBeanExporter   : Summary on shutdown: bean 'springCloudBusInput'
2020-04-22 12:47:51.066  INFO [users-ws,,,] 3217 --- [SpringContextShutdownHook] o.s.i.monitor.IntegrationMBeanExporter   : Summary on shutdown: bean 'errorChannel'
2020-04-22 12:47:51.066  INFO [users-ws,,,] 3217 --- [SpringContextShutdownHook] o.s.i.monitor.IntegrationMBeanExporter   : Summary on shutdown: nullChannel
2020-04-22 12:47:51.067  INFO [users-ws,,,] 3217 --- [SpringContextShutdownHook] o.s.i.monitor.IntegrationMBeanExporter   : Summary on shutdown: bean 'springCloudBusOutput'
2020-04-22 12:47:51.067  INFO [users-ws,,,] 3217 --- [SpringContextShutdownHook] o.s.i.monitor.IntegrationMBeanExporter   : Summary on shutdown: org.springframework.cloud.stream.binding.StreamListenerMessageHandler@46219779
2020-04-22 12:47:51.067  INFO [users-ws,,,] 3217 --- [SpringContextShutdownHook] o.s.i.monitor.IntegrationMBeanExporter   : Summary on shutdown: bean '_org.springframework.integration.errorLogger.handler' for component '_org.springframework.integration.errorLogger'
2020-04-22 12:47:51.068  INFO [users-ws,,,] 3217 --- [SpringContextShutdownHook] com.netflix.discovery.DiscoveryClient    : Shutting down DiscoveryClient ...
2020-04-22 12:48:00.113  INFO [users-ws,,,] 4025 --- [restartedMain] c.c.c.ConfigServicePropertySourceLocator : Fetching config from server at : http://localhost:8012
2020-04-22 12:48:00.537  INFO [users-ws,,,] 4025 --- [restartedMain] c.c.c.ConfigServicePropertySourceLocator : Located environment: name=users-ws, profiles=[default], label=null, version=null, state=null
2020-04-22 12:48:00.539  INFO [users-ws,,,] 4025 --- [restartedMain] b.c.PropertySourceBootstrapConfiguration : Located property source: [BootstrapPropertySource {name='bootstrapProperties-file:///home/alediaz/Desktop/dev/users-ws.properties'}, BootstrapPropertySource {name='bootstrapProperties-file:///home/alediaz/Desktop/dev/application.properties'}]
2020-04-22 12:48:00.593  INFO [users-ws,,,] 4025 --- [restartedMain] c.e.photousers.PhotousersApplication     : No active profile set, falling back to default profiles: default
2020-04-22 12:48:01.782  WARN [users-ws,,,] 4025 --- [restartedMain] o.s.boot.actuate.endpoint.EndpointId     : Endpoint ID 'bus-env' contains invalid characters, please migrate to a valid format.
2020-04-22 12:48:02.185  INFO [users-ws,,,] 4025 --- [restartedMain] .s.d.r.c.RepositoryConfigurationDelegate : Bootstrapping Spring Data JPA repositories in DEFAULT mode.
2020-04-22 12:48:02.282  INFO [users-ws,,,] 4025 --- [restartedMain] .s.d.r.c.RepositoryConfigurationDelegate : Finished Spring Data repository scanning in 84ms. Found 1 JPA repository interfaces.
2020-04-22 12:48:02.406  WARN [users-ws,,,] 4025 --- [restartedMain] o.s.boot.actuate.endpoint.EndpointId     : Endpoint ID 'bus-refresh' contains invalid characters, please migrate to a valid format.
2020-04-22 12:48:02.491  WARN [users-ws,,,] 4025 --- [restartedMain] o.s.boot.actuate.endpoint.EndpointId     : Endpoint ID 'service-registry' contains invalid characters, please migrate to a valid format.
2020-04-22 12:48:02.584  WARN [users-ws,,,] 4025 --- [restartedMain] o.s.boot.actuate.endpoint.EndpointId     : Endpoint ID 'hystrix.stream' contains invalid characters, please migrate to a valid format.
2020-04-22 12:48:02.813  INFO [users-ws,,,] 4025 --- [restartedMain] o.s.cloud.context.scope.GenericScope     : BeanFactory id=3b1f106d-30c1-3264-87fb-c010148c8ba9
2020-04-22 12:48:02.998  INFO [users-ws,,,] 4025 --- [restartedMain] faultConfiguringBeanFactoryPostProcessor : No bean named 'errorChannel' has been explicitly defined. Therefore, a default PublishSubscribeChannel will be created.
2020-04-22 12:48:03.003  INFO [users-ws,,,] 4025 --- [restartedMain] faultConfiguringBeanFactoryPostProcessor : No bean named 'taskScheduler' has been explicitly defined. Therefore, a default ThreadPoolTaskScheduler will be created.
2020-04-22 12:48:03.007  INFO [users-ws,,,] 4025 --- [restartedMain] faultConfiguringBeanFactoryPostProcessor : No bean named 'integrationHeaderChannelRegistry' has been explicitly defined. Therefore, a default DefaultHeaderChannelRegistry will be created.
2020-04-22 12:48:03.274  INFO [users-ws,,,] 4025 --- [restartedMain] trationDelegate$BeanPostProcessorChecker : Bean 'integrationChannelResolver' of type [org.springframework.integration.support.channel.BeanFactoryChannelResolver] is not eligible for getting processed by all BeanPostProcessors (for example: not eligible for auto-proxying)
2020-04-22 12:48:03.281  INFO [users-ws,,,] 4025 --- [restartedMain] trationDelegate$BeanPostProcessorChecker : Bean 'integrationDisposableAutoCreatedBeans' of type [org.springframework.integration.config.annotation.Disposables] is not eligible for getting processed by all BeanPostProcessors (for example: not eligible for auto-proxying)
2020-04-22 12:48:03.319  INFO [users-ws,,,] 4025 --- [restartedMain] trationDelegate$BeanPostProcessorChecker : Bean 'org.springframework.integration.config.IntegrationManagementConfiguration' of type [org.springframework.integration.config.IntegrationManagementConfiguration] is not eligible for getting processed by all BeanPostProcessors (for example: not eligible for auto-proxying)
2020-04-22 12:48:03.335  INFO [users-ws,,,] 4025 --- [restartedMain] trationDelegate$BeanPostProcessorChecker : Bean 'org.springframework.boot.autoconfigure.integration.IntegrationAutoConfiguration$IntegrationJmxConfiguration' of type [org.springframework.boot.autoconfigure.integration.IntegrationAutoConfiguration$IntegrationJmxConfiguration] is not eligible for getting processed by all BeanPostProcessors (for example: not eligible for auto-proxying)
2020-04-22 12:48:03.345  INFO [users-ws,,,] 4025 --- [restartedMain] trationDelegate$BeanPostProcessorChecker : Bean 'org.springframework.boot.autoconfigure.jmx.JmxAutoConfiguration' of type [org.springframework.boot.autoconfigure.jmx.JmxAutoConfiguration] is not eligible for getting processed by all BeanPostProcessors (for example: not eligible for auto-proxying)
2020-04-22 12:48:03.352  INFO [users-ws,,,] 4025 --- [restartedMain] trationDelegate$BeanPostProcessorChecker : Bean 'mbeanServer' of type [com.sun.jmx.mbeanserver.JmxMBeanServer] is not eligible for getting processed by all BeanPostProcessors (for example: not eligible for auto-proxying)
2020-04-22 12:48:03.991  INFO [users-ws,,,] 4025 --- [restartedMain] o.s.b.w.embedded.tomcat.TomcatWebServer  : Tomcat initialized with port(s): 0 (http)
2020-04-22 12:48:03.999  INFO [users-ws,,,] 4025 --- [restartedMain] o.apache.catalina.core.StandardService   : Starting service [Tomcat]
2020-04-22 12:48:03.999  INFO [users-ws,,,] 4025 --- [restartedMain] org.apache.catalina.core.StandardEngine  : Starting Servlet engine: [Apache Tomcat/9.0.33]
2020-04-22 12:48:04.102  INFO [users-ws,,,] 4025 --- [restartedMain] o.a.c.c.C.[Tomcat].[localhost].[/]       : Initializing Spring embedded WebApplicationContext
2020-04-22 12:48:04.102  INFO [users-ws,,,] 4025 --- [restartedMain] o.s.web.context.ContextLoader            : Root WebApplicationContext: initialization completed in 3481 ms
2020-04-22 12:48:04.598  WARN [users-ws,,,] 4025 --- [restartedMain] c.n.c.sources.URLConfigurationSource     : No URLs will be polled as dynamic configuration sources.
2020-04-22 12:48:04.599  INFO [users-ws,,,] 4025 --- [restartedMain] c.n.c.sources.URLConfigurationSource     : To enable URLs as dynamic configuration sources, define System property archaius.configurationSource.additionalUrls or make config.properties available on classpath.
2020-04-22 12:48:04.655  INFO [users-ws,,,] 4025 --- [restartedMain] c.netflix.config.DynamicPropertyFactory  : DynamicPropertyFactory is initialized with configuration sources: com.netflix.config.ConcurrentCompositeConfiguration@7aebe488
2020-04-22 12:48:04.851  INFO [users-ws,,,] 4025 --- [restartedMain] com.zaxxer.hikari.HikariDataSource       : HikariPool-1 - Starting...
2020-04-22 12:48:06.087  INFO [users-ws,,,] 4025 --- [restartedMain] com.zaxxer.hikari.HikariDataSource       : HikariPool-1 - Start completed.
2020-04-22 12:48:06.092  INFO [users-ws,,,] 4025 --- [restartedMain] o.s.b.a.h2.H2ConsoleAutoConfiguration    : H2 console available at '/h2-console'. Database available at 'jdbc:mysql://localhost:3306/photo_app?serverTimezone=UTC'
2020-04-22 12:48:06.761  WARN [users-ws,,,] 4025 --- [restartedMain] o.s.c.s.zipkin2.ZipkinAutoConfiguration  : Check result of the [AsyncReporter{org.springframework.cloud.sleuth.zipkin2.sender.RestTemplateSender@7b88a28f}] contains an error [CheckResult{ok=false, error=org.springframework.web.client.ResourceAccessException: I/O error on POST request for "http://localhost:9411/api/v2/spans": Connection refused (Connection refused); nested exception is java.net.ConnectException: Connection refused (Connection refused)}]
2020-04-22 12:48:07.575  INFO [users-ws,,,] 4025 --- [restartedMain] o.s.s.c.ThreadPoolTaskScheduler          : Initializing ExecutorService 'taskScheduler'
2020-04-22 12:48:08.169  INFO [users-ws,,,] 4025 --- [restartedMain] o.hibernate.jpa.internal.util.LogHelper  : HHH000204: Processing PersistenceUnitInfo [name: default]
2020-04-22 12:48:08.256  INFO [users-ws,,,] 4025 --- [restartedMain] org.hibernate.Version                    : HHH000412: Hibernate ORM core version 5.4.12.Final
2020-04-22 12:48:08.408  INFO [users-ws,,,] 4025 --- [restartedMain] o.hibernate.annotations.common.Version   : HCANN000001: Hibernate Commons Annotations {5.1.0.Final}
2020-04-22 12:48:08.527  INFO [users-ws,,,] 4025 --- [restartedMain] org.hibernate.dialect.Dialect            : HHH000400: Using dialect: org.hibernate.dialect.MySQL57Dialect
2020-04-22 12:48:09.443  INFO [users-ws,,,] 4025 --- [restartedMain] o.h.e.t.j.p.i.JtaPlatformInitiator       : HHH000490: Using JtaPlatform implementation: [org.hibernate.engine.transaction.jta.platform.internal.NoJtaPlatform]
2020-04-22 12:48:09.450  INFO [users-ws,,,] 4025 --- [restartedMain] j.LocalContainerEntityManagerFactoryBean : Initialized JPA EntityManagerFactory for persistence unit 'default'
2020-04-22 12:48:09.500  INFO [users-ws,,,] 4025 --- [restartedMain] o.s.b.d.a.OptionalLiveReloadServer       : LiveReload server is running on port 35729
2020-04-22 12:48:09.916  WARN [users-ws,,,] 4025 --- [restartedMain] JpaBaseConfiguration$JpaWebConfiguration : spring.jpa.open-in-view is enabled by default. Therefore, database queries may be performed during view rendering. Explicitly configure spring.jpa.open-in-view to disable this warning
2020-04-22 12:48:10.512  INFO [users-ws,,,] 4025 --- [restartedMain] o.s.b.a.e.web.EndpointLinksResolver      : Exposing 0 endpoint(s) beneath base path '/actuator'
2020-04-22 12:48:10.560  INFO [users-ws,,,] 4025 --- [restartedMain] o.s.s.web.DefaultSecurityFilterChain     : Creating filter chain: any request, [org.springframework.security.web.context.request.async.WebAsyncManagerIntegrationFilter@7901aa12, org.springframework.security.web.context.SecurityContextPersistenceFilter@1818073, org.springframework.security.web.header.HeaderWriterFilter@3bb6fe60, org.springframework.web.filter.CorsFilter@5c0e88cf, org.springframework.security.web.authentication.logout.LogoutFilter@406bb81d, com.example.photousers.security.AuthenticationFilter@4baeb265, org.springframework.security.web.savedrequest.RequestCacheAwareFilter@74812890, org.springframework.security.web.servletapi.SecurityContextHolderAwareRequestFilter@2dd2279e, org.springframework.security.web.authentication.AnonymousAuthenticationFilter@11c5a6bf, org.springframework.security.web.session.SessionManagementFilter@2ab3206a, org.springframework.security.web.access.ExceptionTranslationFilter@445c3c99, org.springframework.security.web.access.intercept.FilterSecurityInterceptor@1c304ca7]
2020-04-22 12:48:10.601  WARN [users-ws,,,] 4025 --- [restartedMain] c.n.c.sources.URLConfigurationSource     : No URLs will be polled as dynamic configuration sources.
2020-04-22 12:48:10.602  INFO [users-ws,,,] 4025 --- [restartedMain] c.n.c.sources.URLConfigurationSource     : To enable URLs as dynamic configuration sources, define System property archaius.configurationSource.additionalUrls or make config.properties available on classpath.
2020-04-22 12:48:10.704  INFO [users-ws,,,] 4025 --- [restartedMain] o.s.s.concurrent.ThreadPoolTaskExecutor  : Initializing ExecutorService 'applicationTaskExecutor'
2020-04-22 12:48:11.159  INFO [users-ws,,,] 4025 --- [restartedMain] onConfiguration$FunctionBindingRegistrar : Functional binding is disabled due to the presense of @EnableBinding annotation in your configuration
2020-04-22 12:48:11.730  WARN [users-ws,,,] 4025 --- [restartedMain] ockingLoadBalancerClientRibbonWarnLogger : You already have RibbonLoadBalancerClient on your classpath. It will be used by default. As Spring Cloud Ribbon is in maintenance mode. We recommend switching to BlockingLoadBalancerClient instead. In order to use it, set the value of `spring.cloud.loadbalancer.ribbon.enabled` to `false` or remove spring-cloud-starter-netflix-ribbon from your project.
2020-04-22 12:48:12.065  INFO [users-ws,,,] 4025 --- [restartedMain] o.s.c.s.m.DirectWithAttributesChannel    : Channel 'application-1.springCloudBusInput' has 1 subscriber(s).
2020-04-22 12:48:12.176  INFO [users-ws,,,] 4025 --- [restartedMain] o.s.i.monitor.IntegrationMBeanExporter   : Registering MessageChannel errorChannel
2020-04-22 12:48:12.245  INFO [users-ws,,,] 4025 --- [restartedMain] o.s.i.monitor.IntegrationMBeanExporter   : Registering MessageChannel nullChannel
2020-04-22 12:48:12.260  INFO [users-ws,,,] 4025 --- [restartedMain] o.s.i.monitor.IntegrationMBeanExporter   : Registering MessageChannel springCloudBusOutput
2020-04-22 12:48:12.291  INFO [users-ws,,,] 4025 --- [restartedMain] o.s.i.monitor.IntegrationMBeanExporter   : Registering MessageChannel springCloudBusInput
2020-04-22 12:48:12.305  INFO [users-ws,,,] 4025 --- [restartedMain] o.s.i.monitor.IntegrationMBeanExporter   : Registering MessageHandler errorLogger
2020-04-22 12:48:12.323  INFO [users-ws,,,] 4025 --- [restartedMain] o.s.i.monitor.IntegrationMBeanExporter   : Registering MessageHandler org.springframework.cloud.stream.binding.StreamListenerMessageHandler@2e2d3a25
2020-04-22 12:48:12.388  INFO [users-ws,,,] 4025 --- [restartedMain] o.s.i.endpoint.EventDrivenConsumer       : Adding {logging-channel-adapter:_org.springframework.integration.errorLogger} as a subscriber to the 'errorChannel' channel
2020-04-22 12:48:12.388  INFO [users-ws,,,] 4025 --- [restartedMain] o.s.i.channel.PublishSubscribeChannel    : Channel 'application-1.errorChannel' has 1 subscriber(s).
2020-04-22 12:48:12.388  INFO [users-ws,,,] 4025 --- [restartedMain] o.s.i.endpoint.EventDrivenConsumer       : started bean '_org.springframework.integration.errorLogger'
2020-04-22 12:48:12.486  INFO [users-ws,,,] 4025 --- [restartedMain] c.c.c.ConfigServicePropertySourceLocator : Fetching config from server at : http://localhost:8012
2020-04-22 12:48:12.550  INFO [users-ws,,,] 4025 --- [restartedMain] c.c.c.ConfigServicePropertySourceLocator : Located environment: name=users-ws, profiles=[default], label=null, version=null, state=null
2020-04-22 12:48:12.551  INFO [users-ws,,,] 4025 --- [restartedMain] b.c.PropertySourceBootstrapConfiguration : Located property source: [BootstrapPropertySource {name='bootstrapProperties-file:///home/alediaz/Desktop/dev/users-ws.properties'}, BootstrapPropertySource {name='bootstrapProperties-file:///home/alediaz/Desktop/dev/application.properties'}]
2020-04-22 12:48:12.716  INFO [users-ws,,,] 4025 --- [restartedMain] o.s.a.r.c.CachingConnectionFactory       : Attempting to connect to: [localhost:5672]
2020-04-22 12:48:12.746  INFO [users-ws,,,] 4025 --- [restartedMain] o.s.a.r.c.CachingConnectionFactory       : Created new connection: rabbitConnectionFactory#7af8b67e:0/SimpleConnection@72bdee3b [delegate=amqp://guest@127.0.0.1:5672/, localPort= 41882]
2020-04-22 12:48:12.781  INFO [users-ws,,,] 4025 --- [restartedMain] o.s.c.s.m.DirectWithAttributesChannel    : Channel 'application-1.springCloudBusOutput' has 1 subscriber(s).
2020-04-22 12:48:12.821  INFO [users-ws,,,] 4025 --- [restartedMain] c.s.b.r.p.RabbitExchangeQueueProvisioner : declaring queue for inbound: springCloudBus.anonymous.QHljQ9_wQgWYPmbQA7YqeA, bound to: springCloudBus
2020-04-22 12:48:12.836  INFO [users-ws,,,] 4025 --- [restartedMain] o.s.c.stream.binder.BinderErrorChannel   : Channel 'springCloudBus.anonymous.QHljQ9_wQgWYPmbQA7YqeA.errors' has 1 subscriber(s).
2020-04-22 12:48:12.837  INFO [users-ws,,,] 4025 --- [restartedMain] o.s.c.stream.binder.BinderErrorChannel   : Channel 'springCloudBus.anonymous.QHljQ9_wQgWYPmbQA7YqeA.errors' has 2 subscriber(s).
2020-04-22 12:48:12.851  INFO [users-ws,,,] 4025 --- [restartedMain] o.s.i.a.i.AmqpInboundChannelAdapter      : started bean 'inbound.springCloudBus.anonymous.QHljQ9_wQgWYPmbQA7YqeA'
2020-04-22 12:48:12.872  INFO [users-ws,,,] 4025 --- [restartedMain] o.s.i.monitor.IntegrationMBeanExporter   : Registering MessageChannel springCloudBus.anonymous.QHljQ9_wQgWYPmbQA7YqeA.errors
2020-04-22 12:48:12.953  INFO [users-ws,,,] 4025 --- [restartedMain] o.s.b.w.embedded.tomcat.TomcatWebServer  : Tomcat started on port(s): 45413 (http) with context path ''
2020-04-22 12:48:12.953  INFO [users-ws,,,] 4025 --- [restartedMain] .s.c.n.e.s.EurekaAutoServiceRegistration : Updating port to 45413
2020-04-22 12:48:12.958  INFO [users-ws,,,] 4025 --- [restartedMain] o.s.c.n.eureka.InstanceInfoFactory       : Setting initial instance status as: STARTING
2020-04-22 12:48:12.989  INFO [users-ws,,,] 4025 --- [restartedMain] com.netflix.discovery.DiscoveryClient    : Initializing Eureka in region us-east-1
2020-04-22 12:48:13.040  INFO [users-ws,,,] 4025 --- [restartedMain] c.n.d.provider.DiscoveryJerseyProvider   : Using JSON encoding codec LegacyJacksonJson
2020-04-22 12:48:13.040  INFO [users-ws,,,] 4025 --- [restartedMain] c.n.d.provider.DiscoveryJerseyProvider   : Using JSON decoding codec LegacyJacksonJson
2020-04-22 12:48:13.172  INFO [users-ws,,,] 4025 --- [restartedMain] c.n.d.provider.DiscoveryJerseyProvider   : Using XML encoding codec XStreamXml
2020-04-22 12:48:13.173  INFO [users-ws,,,] 4025 --- [restartedMain] c.n.d.provider.DiscoveryJerseyProvider   : Using XML decoding codec XStreamXml
2020-04-22 12:48:13.661  INFO [users-ws,,,] 4025 --- [restartedMain] c.n.d.s.r.aws.ConfigClusterResolver      : Resolving eureka endpoints via configuration
2020-04-22 12:48:13.731  INFO [users-ws,,,] 4025 --- [restartedMain] com.netflix.discovery.DiscoveryClient    : Disable delta property : false
2020-04-22 12:48:13.732  INFO [users-ws,,,] 4025 --- [restartedMain] com.netflix.discovery.DiscoveryClient    : Single vip registry refresh property : null
2020-04-22 12:48:13.733  INFO [users-ws,,,] 4025 --- [restartedMain] com.netflix.discovery.DiscoveryClient    : Force full registry fetch : false
2020-04-22 12:48:13.733  INFO [users-ws,,,] 4025 --- [restartedMain] com.netflix.discovery.DiscoveryClient    : Application is null : false
2020-04-22 12:48:13.735  INFO [users-ws,,,] 4025 --- [restartedMain] com.netflix.discovery.DiscoveryClient    : Registered Applications size is zero : true
2020-04-22 12:48:13.736  INFO [users-ws,,,] 4025 --- [restartedMain] com.netflix.discovery.DiscoveryClient    : Application version is -1: true
2020-04-22 12:48:13.736  INFO [users-ws,,,] 4025 --- [restartedMain] com.netflix.discovery.DiscoveryClient    : Getting all instance registry info from the eureka server
2020-04-22 12:48:13.918  INFO [users-ws,,,] 4025 --- [restartedMain] com.netflix.discovery.DiscoveryClient    : The response status is 200
2020-04-22 12:48:13.920  INFO [users-ws,,,] 4025 --- [restartedMain] com.netflix.discovery.DiscoveryClient    : Starting heartbeat executor: renew interval is: 30
2020-04-22 12:48:13.922  INFO [users-ws,,,] 4025 --- [restartedMain] c.n.discovery.InstanceInfoReplicator     : InstanceInfoReplicator onDemand update allowed rate per min is 4
2020-04-22 12:48:13.927  INFO [users-ws,,,] 4025 --- [restartedMain] com.netflix.discovery.DiscoveryClient    : Discovery Client initialized at timestamp 1587574093925 with initial instances count: 1
2020-04-22 12:48:13.937  INFO [users-ws,,,] 4025 --- [restartedMain] o.s.c.n.e.s.EurekaServiceRegistry        : Registering application USERS-WS with eureka with status UP
2020-04-22 12:48:13.938  INFO [users-ws,,,] 4025 --- [restartedMain] com.netflix.discovery.DiscoveryClient    : Saw local status change event StatusChangeEvent [timestamp=1587574093938, current=UP, previous=STARTING]
2020-04-22 12:48:13.939  INFO [users-ws,,,] 4025 --- [DiscoveryClient-InstanceInfoReplicator-0] com.netflix.discovery.DiscoveryClient    : DiscoveryClient_USERS-WS/users-ws:218fc9a98fa939c175639b3549976395: registering service...
2020-04-22 12:48:13.973  INFO [users-ws,,,] 4025 --- [DiscoveryClient-InstanceInfoReplicator-0] com.netflix.discovery.DiscoveryClient    : DiscoveryClient_USERS-WS/users-ws:218fc9a98fa939c175639b3549976395 - registration status: 204
2020-04-22 12:48:13.975  INFO [users-ws,,,] 4025 --- [restartedMain] c.e.photousers.PhotousersApplication     : Started PhotousersApplication in 15.216 seconds (JVM running for 16.191)
2020-04-22 12:48:14.246  INFO [users-ws,,,] 4025 --- [RMI TCP Connection(2)-127.0.0.1] o.a.c.c.C.[Tomcat].[localhost].[/]       : Initializing Spring DispatcherServlet 'dispatcherServlet'
2020-04-22 12:48:14.247  INFO [users-ws,,,] 4025 --- [RMI TCP Connection(2)-127.0.0.1] o.s.web.servlet.DispatcherServlet        : Initializing Servlet 'dispatcherServlet'
2020-04-22 12:48:14.265  INFO [users-ws,,,] 4025 --- [RMI TCP Connection(2)-127.0.0.1] o.s.web.servlet.DispatcherServlet        : Completed initialization in 18 ms
2020-04-22 12:48:14.281  INFO [users-ws,,,] 4025 --- [RMI TCP Connection(1)-127.0.0.1] c.c.c.ConfigServicePropertySourceLocator : Fetching config from server at : http://localhost:8012
2020-04-22 12:48:14.618  INFO [users-ws,,,] 4025 --- [RMI TCP Connection(1)-127.0.0.1] c.c.c.ConfigServicePropertySourceLocator : Located environment: name=users-ws, profiles=[default], label=null, version=null, state=null
2020-04-22 12:50:00.751  INFO [users-ws,,,] 4025 --- [SpringContextShutdownHook] o.s.c.n.e.s.EurekaServiceRegistry        : Unregistering application USERS-WS with eureka with status DOWN
2020-04-22 12:50:00.752  WARN [users-ws,,,] 4025 --- [SpringContextShutdownHook] com.netflix.discovery.DiscoveryClient    : Saw local status change event StatusChangeEvent [timestamp=1587574200752, current=DOWN, previous=UP]
2020-04-22 12:50:00.755  INFO [users-ws,,,] 4025 --- [DiscoveryClient-InstanceInfoReplicator-0] com.netflix.discovery.DiscoveryClient    : DiscoveryClient_USERS-WS/users-ws:218fc9a98fa939c175639b3549976395: registering service...
2020-04-22 12:50:00.763  INFO [users-ws,,,] 4025 --- [DiscoveryClient-InstanceInfoReplicator-0] com.netflix.discovery.DiscoveryClient    : DiscoveryClient_USERS-WS/users-ws:218fc9a98fa939c175639b3549976395 - registration status: 204
2020-04-22 12:50:00.980  INFO [users-ws,,,] 4025 --- [SpringContextShutdownHook] o.s.a.r.l.SimpleMessageListenerContainer : Waiting for workers to finish.
2020-04-22 12:50:01.033  INFO [users-ws,,,] 4025 --- [SpringContextShutdownHook] o.s.a.r.l.SimpleMessageListenerContainer : Successfully waited for workers to finish.
2020-04-22 12:50:01.034  INFO [users-ws,,,] 4025 --- [SpringContextShutdownHook] o.s.i.a.i.AmqpInboundChannelAdapter      : stopped bean 'inbound.springCloudBus.anonymous.QHljQ9_wQgWYPmbQA7YqeA'
2020-04-22 12:50:01.064  INFO [users-ws,,,] 4025 --- [SpringContextShutdownHook] o.s.c.stream.binder.BinderErrorChannel   : Channel 'application-1.springCloudBus.anonymous.QHljQ9_wQgWYPmbQA7YqeA.errors' has 1 subscriber(s).
2020-04-22 12:50:01.066  INFO [users-ws,,,] 4025 --- [SpringContextShutdownHook] o.s.c.stream.binder.BinderErrorChannel   : Channel 'application-1.springCloudBus.anonymous.QHljQ9_wQgWYPmbQA7YqeA.errors' has 0 subscriber(s).
2020-04-22 12:50:01.172  INFO [users-ws,,,] 4025 --- [SpringContextShutdownHook] o.s.i.endpoint.EventDrivenConsumer       : Removing {logging-channel-adapter:_org.springframework.integration.errorLogger} as a subscriber to the 'errorChannel' channel
2020-04-22 12:50:01.173  INFO [users-ws,,,] 4025 --- [SpringContextShutdownHook] o.s.i.channel.PublishSubscribeChannel    : Channel 'application-1.errorChannel' has 0 subscriber(s).
2020-04-22 12:50:01.173  INFO [users-ws,,,] 4025 --- [SpringContextShutdownHook] o.s.i.endpoint.EventDrivenConsumer       : stopped bean '_org.springframework.integration.errorLogger'
2020-04-22 12:50:01.218  INFO [users-ws,,,] 4025 --- [SpringContextShutdownHook] o.s.s.concurrent.ThreadPoolTaskExecutor  : Shutting down ExecutorService 'applicationTaskExecutor'
2020-04-22 12:50:01.355  INFO [users-ws,,,] 4025 --- [SpringContextShutdownHook] j.LocalContainerEntityManagerFactoryBean : Closing JPA EntityManagerFactory for persistence unit 'default'
2020-04-22 12:50:01.399  INFO [users-ws,,,] 4025 --- [SpringContextShutdownHook] o.s.s.c.ThreadPoolTaskScheduler          : Shutting down ExecutorService 'taskScheduler'
2020-04-22 12:50:02.073  INFO [users-ws,,,] 4025 --- [SpringContextShutdownHook] com.zaxxer.hikari.HikariDataSource       : HikariPool-1 - Shutdown initiated...
2020-04-22 12:50:02.104  INFO [users-ws,,,] 4025 --- [SpringContextShutdownHook] com.zaxxer.hikari.HikariDataSource       : HikariPool-1 - Shutdown completed.
2020-04-22 12:50:02.113  INFO [users-ws,,,] 4025 --- [SpringContextShutdownHook] o.s.i.monitor.IntegrationMBeanExporter   : Summary on shutdown: bean 'errorChannel'
2020-04-22 12:50:02.113  INFO [users-ws,,,] 4025 --- [SpringContextShutdownHook] o.s.i.monitor.IntegrationMBeanExporter   : Summary on shutdown: nullChannel
2020-04-22 12:50:02.114  INFO [users-ws,,,] 4025 --- [SpringContextShutdownHook] o.s.i.monitor.IntegrationMBeanExporter   : Summary on shutdown: bean 'springCloudBusOutput'
2020-04-22 12:50:02.114  INFO [users-ws,,,] 4025 --- [SpringContextShutdownHook] o.s.i.monitor.IntegrationMBeanExporter   : Summary on shutdown: bean 'springCloudBusInput'
2020-04-22 12:50:02.114  INFO [users-ws,,,] 4025 --- [SpringContextShutdownHook] o.s.i.monitor.IntegrationMBeanExporter   : Summary on shutdown: bean '_org.springframework.integration.errorLogger.handler' for component '_org.springframework.integration.errorLogger'
2020-04-22 12:50:02.115  INFO [users-ws,,,] 4025 --- [SpringContextShutdownHook] o.s.i.monitor.IntegrationMBeanExporter   : Summary on shutdown: org.springframework.cloud.stream.binding.StreamListenerMessageHandler@2e2d3a25
2020-04-22 12:50:02.117  INFO [users-ws,,,] 4025 --- [SpringContextShutdownHook] com.netflix.discovery.DiscoveryClient    : Shutting down DiscoveryClient ...
2020-04-22 15:19:26.338  INFO [users-ws,,,] 18535 --- [restartedMain] c.c.c.ConfigServicePropertySourceLocator : Fetching config from server at : http://localhost:8012
2020-04-22 15:19:26.644  INFO [users-ws,,,] 18535 --- [restartedMain] c.c.c.ConfigServicePropertySourceLocator : Located environment: name=users-ws, profiles=[default], label=null, version=null, state=null
2020-04-22 15:19:26.646  INFO [users-ws,,,] 18535 --- [restartedMain] b.c.PropertySourceBootstrapConfiguration : Located property source: [BootstrapPropertySource {name='bootstrapProperties-file:///home/alediaz/Desktop/dev/users-ws.properties'}, BootstrapPropertySource {name='bootstrapProperties-file:///home/alediaz/Desktop/dev/application.properties'}]
2020-04-22 15:19:26.734  INFO [users-ws,,,] 18535 --- [restartedMain] c.e.photousers.PhotousersApplication     : No active profile set, falling back to default profiles: default
2020-04-22 15:19:28.859  WARN [users-ws,,,] 18535 --- [restartedMain] o.s.boot.actuate.endpoint.EndpointId     : Endpoint ID 'bus-env' contains invalid characters, please migrate to a valid format.
2020-04-22 15:19:29.177  INFO [users-ws,,,] 18535 --- [restartedMain] .s.d.r.c.RepositoryConfigurationDelegate : Bootstrapping Spring Data JPA repositories in DEFAULT mode.
2020-04-22 15:19:29.252  INFO [users-ws,,,] 18535 --- [restartedMain] .s.d.r.c.RepositoryConfigurationDelegate : Finished Spring Data repository scanning in 61ms. Found 1 JPA repository interfaces.
2020-04-22 15:19:29.362  WARN [users-ws,,,] 18535 --- [restartedMain] o.s.boot.actuate.endpoint.EndpointId     : Endpoint ID 'bus-refresh' contains invalid characters, please migrate to a valid format.
2020-04-22 15:19:29.487  WARN [users-ws,,,] 18535 --- [restartedMain] o.s.boot.actuate.endpoint.EndpointId     : Endpoint ID 'service-registry' contains invalid characters, please migrate to a valid format.
2020-04-22 15:19:29.596  WARN [users-ws,,,] 18535 --- [restartedMain] o.s.boot.actuate.endpoint.EndpointId     : Endpoint ID 'hystrix.stream' contains invalid characters, please migrate to a valid format.
2020-04-22 15:19:29.842  INFO [users-ws,,,] 18535 --- [restartedMain] o.s.cloud.context.scope.GenericScope     : BeanFactory id=3b1f106d-30c1-3264-87fb-c010148c8ba9
2020-04-22 15:19:30.101  INFO [users-ws,,,] 18535 --- [restartedMain] faultConfiguringBeanFactoryPostProcessor : No bean named 'errorChannel' has been explicitly defined. Therefore, a default PublishSubscribeChannel will be created.
2020-04-22 15:19:30.109  INFO [users-ws,,,] 18535 --- [restartedMain] faultConfiguringBeanFactoryPostProcessor : No bean named 'taskScheduler' has been explicitly defined. Therefore, a default ThreadPoolTaskScheduler will be created.
2020-04-22 15:19:30.115  INFO [users-ws,,,] 18535 --- [restartedMain] faultConfiguringBeanFactoryPostProcessor : No bean named 'integrationHeaderChannelRegistry' has been explicitly defined. Therefore, a default DefaultHeaderChannelRegistry will be created.
2020-04-22 15:19:30.689  INFO [users-ws,,,] 18535 --- [restartedMain] trationDelegate$BeanPostProcessorChecker : Bean 'integrationChannelResolver' of type [org.springframework.integration.support.channel.BeanFactoryChannelResolver] is not eligible for getting processed by all BeanPostProcessors (for example: not eligible for auto-proxying)
2020-04-22 15:19:30.699  INFO [users-ws,,,] 18535 --- [restartedMain] trationDelegate$BeanPostProcessorChecker : Bean 'integrationDisposableAutoCreatedBeans' of type [org.springframework.integration.config.annotation.Disposables] is not eligible for getting processed by all BeanPostProcessors (for example: not eligible for auto-proxying)
2020-04-22 15:19:30.745  INFO [users-ws,,,] 18535 --- [restartedMain] trationDelegate$BeanPostProcessorChecker : Bean 'org.springframework.integration.config.IntegrationManagementConfiguration' of type [org.springframework.integration.config.IntegrationManagementConfiguration] is not eligible for getting processed by all BeanPostProcessors (for example: not eligible for auto-proxying)
2020-04-22 15:19:30.764  INFO [users-ws,,,] 18535 --- [restartedMain] trationDelegate$BeanPostProcessorChecker : Bean 'org.springframework.boot.autoconfigure.integration.IntegrationAutoConfiguration$IntegrationJmxConfiguration' of type [org.springframework.boot.autoconfigure.integration.IntegrationAutoConfiguration$IntegrationJmxConfiguration] is not eligible for getting processed by all BeanPostProcessors (for example: not eligible for auto-proxying)
2020-04-22 15:19:30.775  INFO [users-ws,,,] 18535 --- [restartedMain] trationDelegate$BeanPostProcessorChecker : Bean 'org.springframework.boot.autoconfigure.jmx.JmxAutoConfiguration' of type [org.springframework.boot.autoconfigure.jmx.JmxAutoConfiguration] is not eligible for getting processed by all BeanPostProcessors (for example: not eligible for auto-proxying)
2020-04-22 15:19:30.782  INFO [users-ws,,,] 18535 --- [restartedMain] trationDelegate$BeanPostProcessorChecker : Bean 'mbeanServer' of type [com.sun.jmx.mbeanserver.JmxMBeanServer] is not eligible for getting processed by all BeanPostProcessors (for example: not eligible for auto-proxying)
2020-04-22 15:19:31.725  INFO [users-ws,,,] 18535 --- [restartedMain] o.s.b.w.embedded.tomcat.TomcatWebServer  : Tomcat initialized with port(s): 0 (http)
2020-04-22 15:19:31.739  INFO [users-ws,,,] 18535 --- [restartedMain] o.apache.catalina.core.StandardService   : Starting service [Tomcat]
2020-04-22 15:19:31.740  INFO [users-ws,,,] 18535 --- [restartedMain] org.apache.catalina.core.StandardEngine  : Starting Servlet engine: [Apache Tomcat/9.0.33]
2020-04-22 15:19:31.853  INFO [users-ws,,,] 18535 --- [restartedMain] o.a.c.c.C.[Tomcat].[localhost].[/]       : Initializing Spring embedded WebApplicationContext
2020-04-22 15:19:31.854  INFO [users-ws,,,] 18535 --- [restartedMain] o.s.web.context.ContextLoader            : Root WebApplicationContext: initialization completed in 5002 ms
2020-04-22 15:19:32.044  WARN [users-ws,,,] 18535 --- [restartedMain] c.n.c.sources.URLConfigurationSource     : No URLs will be polled as dynamic configuration sources.
2020-04-22 15:19:32.045  INFO [users-ws,,,] 18535 --- [restartedMain] c.n.c.sources.URLConfigurationSource     : To enable URLs as dynamic configuration sources, define System property archaius.configurationSource.additionalUrls or make config.properties available on classpath.
2020-04-22 15:19:32.149  INFO [users-ws,,,] 18535 --- [restartedMain] c.netflix.config.DynamicPropertyFactory  : DynamicPropertyFactory is initialized with configuration sources: com.netflix.config.ConcurrentCompositeConfiguration@6141590c
2020-04-22 15:19:32.308  INFO [users-ws,,,] 18535 --- [restartedMain] com.zaxxer.hikari.HikariDataSource       : HikariPool-1 - Starting...
2020-04-22 15:19:33.172  INFO [users-ws,,,] 18535 --- [restartedMain] com.zaxxer.hikari.HikariDataSource       : HikariPool-1 - Start completed.
2020-04-22 15:19:33.178  INFO [users-ws,,,] 18535 --- [restartedMain] o.s.b.a.h2.H2ConsoleAutoConfiguration    : H2 console available at '/h2-console'. Database available at 'jdbc:mysql://localhost:3306/photo_app?serverTimezone=UTC'
2020-04-22 15:19:33.935  WARN [users-ws,,,] 18535 --- [restartedMain] o.s.c.s.zipkin2.ZipkinAutoConfiguration  : Check result of the [AsyncReporter{org.springframework.cloud.sleuth.zipkin2.sender.RestTemplateSender@70ff687c}] contains an error [CheckResult{ok=false, error=org.springframework.web.client.ResourceAccessException: I/O error on POST request for "http://localhost:9411/api/v2/spans": Connection refused (Connection refused); nested exception is java.net.ConnectException: Connection refused (Connection refused)}]
2020-04-22 15:19:34.709  INFO [users-ws,,,] 18535 --- [restartedMain] o.s.s.c.ThreadPoolTaskScheduler          : Initializing ExecutorService 'taskScheduler'
2020-04-22 15:19:35.822  INFO [users-ws,,,] 18535 --- [restartedMain] o.hibernate.jpa.internal.util.LogHelper  : HHH000204: Processing PersistenceUnitInfo [name: default]
2020-04-22 15:19:35.922  INFO [users-ws,,,] 18535 --- [restartedMain] org.hibernate.Version                    : HHH000412: Hibernate ORM core version 5.4.12.Final
2020-04-22 15:19:36.102  INFO [users-ws,,,] 18535 --- [restartedMain] o.hibernate.annotations.common.Version   : HCANN000001: Hibernate Commons Annotations {5.1.0.Final}
2020-04-22 15:19:36.245  INFO [users-ws,,,] 18535 --- [restartedMain] org.hibernate.dialect.Dialect            : HHH000400: Using dialect: org.hibernate.dialect.MySQL57Dialect
2020-04-22 15:19:37.506  INFO [users-ws,,,] 18535 --- [restartedMain] o.h.e.t.j.p.i.JtaPlatformInitiator       : HHH000490: Using JtaPlatform implementation: [org.hibernate.engine.transaction.jta.platform.internal.NoJtaPlatform]
2020-04-22 15:19:37.521  INFO [users-ws,,,] 18535 --- [restartedMain] j.LocalContainerEntityManagerFactoryBean : Initialized JPA EntityManagerFactory for persistence unit 'default'
2020-04-22 15:19:37.650  WARN [users-ws,,,] 18535 --- [restartedMain] o.s.b.d.a.OptionalLiveReloadServer       : Unable to start LiveReload server
2020-04-22 15:19:38.417  WARN [users-ws,,,] 18535 --- [restartedMain] JpaBaseConfiguration$JpaWebConfiguration : spring.jpa.open-in-view is enabled by default. Therefore, database queries may be performed during view rendering. Explicitly configure spring.jpa.open-in-view to disable this warning
2020-04-22 15:19:39.082  INFO [users-ws,,,] 18535 --- [restartedMain] o.s.b.a.e.web.EndpointLinksResolver      : Exposing 0 endpoint(s) beneath base path '/actuator'
2020-04-22 15:19:39.144  INFO [users-ws,,,] 18535 --- [restartedMain] o.s.s.web.DefaultSecurityFilterChain     : Creating filter chain: any request, [org.springframework.security.web.context.request.async.WebAsyncManagerIntegrationFilter@63ecf5b6, org.springframework.security.web.context.SecurityContextPersistenceFilter@21ab06d8, org.springframework.security.web.header.HeaderWriterFilter@25d38e61, org.springframework.web.filter.CorsFilter@74432e87, org.springframework.security.web.authentication.logout.LogoutFilter@5d6b81ab, com.example.photousers.security.AuthenticationFilter@4edb98d1, org.springframework.security.web.savedrequest.RequestCacheAwareFilter@79a002e5, org.springframework.security.web.servletapi.SecurityContextHolderAwareRequestFilter@30dba7dc, org.springframework.security.web.authentication.AnonymousAuthenticationFilter@2cb9c73f, org.springframework.security.web.session.SessionManagementFilter@3f6be044, org.springframework.security.web.access.ExceptionTranslationFilter@17e12c26, org.springframework.security.web.access.intercept.FilterSecurityInterceptor@c272cc5]
2020-04-22 15:19:39.213  WARN [users-ws,,,] 18535 --- [restartedMain] c.n.c.sources.URLConfigurationSource     : No URLs will be polled as dynamic configuration sources.
2020-04-22 15:19:39.213  INFO [users-ws,,,] 18535 --- [restartedMain] c.n.c.sources.URLConfigurationSource     : To enable URLs as dynamic configuration sources, define System property archaius.configurationSource.additionalUrls or make config.properties available on classpath.
2020-04-22 15:19:39.454  INFO [users-ws,,,] 18535 --- [restartedMain] o.s.s.concurrent.ThreadPoolTaskExecutor  : Initializing ExecutorService 'applicationTaskExecutor'
2020-04-22 15:19:40.361  INFO [users-ws,,,] 18535 --- [restartedMain] onConfiguration$FunctionBindingRegistrar : Functional binding is disabled due to the presense of @EnableBinding annotation in your configuration
2020-04-22 15:19:41.103  WARN [users-ws,,,] 18535 --- [restartedMain] ockingLoadBalancerClientRibbonWarnLogger : You already have RibbonLoadBalancerClient on your classpath. It will be used by default. As Spring Cloud Ribbon is in maintenance mode. We recommend switching to BlockingLoadBalancerClient instead. In order to use it, set the value of `spring.cloud.loadbalancer.ribbon.enabled` to `false` or remove spring-cloud-starter-netflix-ribbon from your project.
2020-04-22 15:19:41.916  INFO [users-ws,,,] 18535 --- [restartedMain] o.s.c.s.m.DirectWithAttributesChannel    : Channel 'application-1.springCloudBusInput' has 1 subscriber(s).
2020-04-22 15:19:42.249  INFO [users-ws,,,] 18535 --- [restartedMain] o.s.i.monitor.IntegrationMBeanExporter   : Registering MessageChannel springCloudBusOutput
2020-04-22 15:19:42.432  INFO [users-ws,,,] 18535 --- [restartedMain] o.s.i.monitor.IntegrationMBeanExporter   : Registering MessageChannel springCloudBusInput
2020-04-22 15:19:42.453  INFO [users-ws,,,] 18535 --- [restartedMain] o.s.i.monitor.IntegrationMBeanExporter   : Registering MessageChannel nullChannel
2020-04-22 15:19:42.475  INFO [users-ws,,,] 18535 --- [restartedMain] o.s.i.monitor.IntegrationMBeanExporter   : Registering MessageChannel errorChannel
2020-04-22 15:19:42.578  INFO [users-ws,,,] 18535 --- [restartedMain] o.s.i.monitor.IntegrationMBeanExporter   : Registering MessageHandler errorLogger
2020-04-22 15:19:42.626  INFO [users-ws,,,] 18535 --- [restartedMain] o.s.i.monitor.IntegrationMBeanExporter   : Registering MessageHandler org.springframework.cloud.stream.binding.StreamListenerMessageHandler@58d6006f
2020-04-22 15:19:42.885  INFO [users-ws,,,] 18535 --- [restartedMain] o.s.i.endpoint.EventDrivenConsumer       : Adding {logging-channel-adapter:_org.springframework.integration.errorLogger} as a subscriber to the 'errorChannel' channel
2020-04-22 15:19:42.885  INFO [users-ws,,,] 18535 --- [restartedMain] o.s.i.channel.PublishSubscribeChannel    : Channel 'application-1.errorChannel' has 1 subscriber(s).
2020-04-22 15:19:42.885  INFO [users-ws,,,] 18535 --- [restartedMain] o.s.i.endpoint.EventDrivenConsumer       : started bean '_org.springframework.integration.errorLogger'
2020-04-22 15:19:43.415  INFO [users-ws,,,] 18535 --- [restartedMain] c.c.c.ConfigServicePropertySourceLocator : Fetching config from server at : http://localhost:8012
2020-04-22 15:19:43.747  INFO [users-ws,,,] 18535 --- [restartedMain] c.c.c.ConfigServicePropertySourceLocator : Located environment: name=users-ws, profiles=[default], label=null, version=null, state=null
2020-04-22 15:19:43.752  INFO [users-ws,,,] 18535 --- [restartedMain] b.c.PropertySourceBootstrapConfiguration : Located property source: [BootstrapPropertySource {name='bootstrapProperties-file:///home/alediaz/Desktop/dev/users-ws.properties'}, BootstrapPropertySource {name='bootstrapProperties-file:///home/alediaz/Desktop/dev/application.properties'}]
2020-04-22 15:19:44.985  INFO [users-ws,,,] 18535 --- [restartedMain] o.s.a.r.c.CachingConnectionFactory       : Attempting to connect to: [localhost:5672]
2020-04-22 15:19:45.255  INFO [users-ws,,,] 18535 --- [restartedMain] o.s.a.r.c.CachingConnectionFactory       : Created new connection: rabbitConnectionFactory#3e0f522f:0/SimpleConnection@58208d8b [delegate=amqp://guest@127.0.0.1:5672/, localPort= 43612]
2020-04-22 15:19:45.390  INFO [users-ws,,,] 18535 --- [restartedMain] o.s.c.s.m.DirectWithAttributesChannel    : Channel 'application-1.springCloudBusOutput' has 1 subscriber(s).
2020-04-22 15:19:45.773  INFO [users-ws,,,] 18535 --- [restartedMain] c.s.b.r.p.RabbitExchangeQueueProvisioner : declaring queue for inbound: springCloudBus.anonymous.AnNGIKbgS0WVrcMJ6GcxRA, bound to: springCloudBus
2020-04-22 15:19:46.133  INFO [users-ws,,,] 18535 --- [restartedMain] o.s.c.stream.binder.BinderErrorChannel   : Channel 'springCloudBus.anonymous.AnNGIKbgS0WVrcMJ6GcxRA.errors' has 1 subscriber(s).
2020-04-22 15:19:46.134  INFO [users-ws,,,] 18535 --- [restartedMain] o.s.c.stream.binder.BinderErrorChannel   : Channel 'springCloudBus.anonymous.AnNGIKbgS0WVrcMJ6GcxRA.errors' has 2 subscriber(s).
2020-04-22 15:19:46.154  INFO [users-ws,,,] 18535 --- [restartedMain] o.s.i.a.i.AmqpInboundChannelAdapter      : started bean 'inbound.springCloudBus.anonymous.AnNGIKbgS0WVrcMJ6GcxRA'
2020-04-22 15:19:46.181  INFO [users-ws,,,] 18535 --- [restartedMain] o.s.i.monitor.IntegrationMBeanExporter   : Registering MessageChannel springCloudBus.anonymous.AnNGIKbgS0WVrcMJ6GcxRA.errors
2020-04-22 15:19:46.381  INFO [users-ws,,,] 18535 --- [restartedMain] o.s.b.w.embedded.tomcat.TomcatWebServer  : Tomcat started on port(s): 42189 (http) with context path ''
2020-04-22 15:19:46.382  INFO [users-ws,,,] 18535 --- [restartedMain] .s.c.n.e.s.EurekaAutoServiceRegistration : Updating port to 42189
2020-04-22 15:19:46.389  INFO [users-ws,,,] 18535 --- [restartedMain] o.s.c.n.eureka.InstanceInfoFactory       : Setting initial instance status as: STARTING
2020-04-22 15:19:46.599  INFO [users-ws,,,] 18535 --- [restartedMain] com.netflix.discovery.DiscoveryClient    : Initializing Eureka in region us-east-1
2020-04-22 15:19:46.805  INFO [users-ws,,,] 18535 --- [restartedMain] c.n.d.provider.DiscoveryJerseyProvider   : Using JSON encoding codec LegacyJacksonJson
2020-04-22 15:19:46.806  INFO [users-ws,,,] 18535 --- [restartedMain] c.n.d.provider.DiscoveryJerseyProvider   : Using JSON decoding codec LegacyJacksonJson
2020-04-22 15:19:47.546  INFO [users-ws,,,] 18535 --- [restartedMain] c.n.d.provider.DiscoveryJerseyProvider   : Using XML encoding codec XStreamXml
2020-04-22 15:19:47.546  INFO [users-ws,,,] 18535 --- [restartedMain] c.n.d.provider.DiscoveryJerseyProvider   : Using XML decoding codec XStreamXml
2020-04-22 15:19:48.529  INFO [users-ws,,,] 18535 --- [restartedMain] c.n.d.s.r.aws.ConfigClusterResolver      : Resolving eureka endpoints via configuration
2020-04-22 15:19:48.709  INFO [users-ws,,,] 18535 --- [restartedMain] com.netflix.discovery.DiscoveryClient    : Disable delta property : false
2020-04-22 15:19:48.709  INFO [users-ws,,,] 18535 --- [restartedMain] com.netflix.discovery.DiscoveryClient    : Single vip registry refresh property : null
2020-04-22 15:19:48.710  INFO [users-ws,,,] 18535 --- [restartedMain] com.netflix.discovery.DiscoveryClient    : Force full registry fetch : false
2020-04-22 15:19:48.710  INFO [users-ws,,,] 18535 --- [restartedMain] com.netflix.discovery.DiscoveryClient    : Application is null : false
2020-04-22 15:19:48.710  INFO [users-ws,,,] 18535 --- [restartedMain] com.netflix.discovery.DiscoveryClient    : Registered Applications size is zero : true
2020-04-22 15:19:48.711  INFO [users-ws,,,] 18535 --- [restartedMain] com.netflix.discovery.DiscoveryClient    : Application version is -1: true
2020-04-22 15:19:48.711  INFO [users-ws,,,] 18535 --- [restartedMain] com.netflix.discovery.DiscoveryClient    : Getting all instance registry info from the eureka server
2020-04-22 15:19:49.060  INFO [users-ws,,,] 18535 --- [restartedMain] com.netflix.discovery.DiscoveryClient    : The response status is 200
2020-04-22 15:19:49.063  INFO [users-ws,,,] 18535 --- [restartedMain] com.netflix.discovery.DiscoveryClient    : Starting heartbeat executor: renew interval is: 30
2020-04-22 15:19:49.065  INFO [users-ws,,,] 18535 --- [restartedMain] c.n.discovery.InstanceInfoReplicator     : InstanceInfoReplicator onDemand update allowed rate per min is 4
2020-04-22 15:19:49.070  INFO [users-ws,,,] 18535 --- [restartedMain] com.netflix.discovery.DiscoveryClient    : Discovery Client initialized at timestamp 1587583189068 with initial instances count: 2
2020-04-22 15:19:49.080  INFO [users-ws,,,] 18535 --- [restartedMain] o.s.c.n.e.s.EurekaServiceRegistry        : Registering application USERS-WS with eureka with status UP
2020-04-22 15:19:49.081  INFO [users-ws,,,] 18535 --- [restartedMain] com.netflix.discovery.DiscoveryClient    : Saw local status change event StatusChangeEvent [timestamp=1587583189081, current=UP, previous=STARTING]
2020-04-22 15:19:49.082  INFO [users-ws,,,] 18535 --- [DiscoveryClient-InstanceInfoReplicator-0] com.netflix.discovery.DiscoveryClient    : DiscoveryClient_USERS-WS/users-ws:653b66eb98af90c522b55a93af566885: registering service...
2020-04-22 15:19:49.116  INFO [users-ws,,,] 18535 --- [restartedMain] c.e.photousers.PhotousersApplication     : Started PhotousersApplication in 25.031 seconds (JVM running for 26.937)
2020-04-22 15:19:49.136  INFO [users-ws,,,] 18535 --- [DiscoveryClient-InstanceInfoReplicator-0] com.netflix.discovery.DiscoveryClient    : DiscoveryClient_USERS-WS/users-ws:653b66eb98af90c522b55a93af566885 - registration status: 204
2020-04-22 15:19:49.789  INFO [users-ws,,,] 18535 --- [RMI TCP Connection(4)-127.0.0.1] o.a.c.c.C.[Tomcat].[localhost].[/]       : Initializing Spring DispatcherServlet 'dispatcherServlet'
2020-04-22 15:19:49.790  INFO [users-ws,,,] 18535 --- [RMI TCP Connection(4)-127.0.0.1] o.s.web.servlet.DispatcherServlet        : Initializing Servlet 'dispatcherServlet'
2020-04-22 15:19:49.817  INFO [users-ws,,,] 18535 --- [RMI TCP Connection(4)-127.0.0.1] o.s.web.servlet.DispatcherServlet        : Completed initialization in 25 ms
2020-04-22 15:19:49.847  INFO [users-ws,,,] 18535 --- [RMI TCP Connection(3)-127.0.0.1] c.c.c.ConfigServicePropertySourceLocator : Fetching config from server at : http://localhost:8012
2020-04-22 15:19:50.038  INFO [users-ws,,,] 18535 --- [RMI TCP Connection(3)-127.0.0.1] c.c.c.ConfigServicePropertySourceLocator : Located environment: name=users-ws, profiles=[default], label=null, version=null, state=null
2020-04-22 15:21:36.343  INFO [users-ws,,,] 18535 --- [SpringContextShutdownHook] o.s.c.n.e.s.EurekaServiceRegistry        : Unregistering application USERS-WS with eureka with status DOWN
2020-04-22 15:21:36.366  WARN [users-ws,,,] 18535 --- [SpringContextShutdownHook] com.netflix.discovery.DiscoveryClient    : Saw local status change event StatusChangeEvent [timestamp=1587583296366, current=DOWN, previous=UP]
2020-04-22 15:21:36.367  INFO [users-ws,,,] 18535 --- [DiscoveryClient-InstanceInfoReplicator-0] com.netflix.discovery.DiscoveryClient    : DiscoveryClient_USERS-WS/users-ws:653b66eb98af90c522b55a93af566885: registering service...
2020-04-22 15:21:36.377  INFO [users-ws,,,] 18535 --- [DiscoveryClient-InstanceInfoReplicator-0] com.netflix.discovery.DiscoveryClient    : DiscoveryClient_USERS-WS/users-ws:653b66eb98af90c522b55a93af566885 - registration status: 204
2020-04-22 15:21:36.390  INFO [users-ws,,,] 18535 --- [SpringContextShutdownHook] o.s.a.r.l.SimpleMessageListenerContainer : Waiting for workers to finish.
2020-04-22 15:21:37.207  INFO [users-ws,,,] 18535 --- [SpringContextShutdownHook] o.s.a.r.l.SimpleMessageListenerContainer : Successfully waited for workers to finish.
2020-04-22 15:21:37.208  INFO [users-ws,,,] 18535 --- [SpringContextShutdownHook] o.s.i.a.i.AmqpInboundChannelAdapter      : stopped bean 'inbound.springCloudBus.anonymous.AnNGIKbgS0WVrcMJ6GcxRA'
2020-04-22 15:21:37.224  INFO [users-ws,,,] 18535 --- [SpringContextShutdownHook] o.s.c.stream.binder.BinderErrorChannel   : Channel 'application-1.springCloudBus.anonymous.AnNGIKbgS0WVrcMJ6GcxRA.errors' has 1 subscriber(s).
2020-04-22 15:21:37.227  INFO [users-ws,,,] 18535 --- [SpringContextShutdownHook] o.s.c.stream.binder.BinderErrorChannel   : Channel 'application-1.springCloudBus.anonymous.AnNGIKbgS0WVrcMJ6GcxRA.errors' has 0 subscriber(s).
2020-04-22 15:21:37.241  INFO [users-ws,,,] 18535 --- [SpringContextShutdownHook] o.s.i.endpoint.EventDrivenConsumer       : Removing {logging-channel-adapter:_org.springframework.integration.errorLogger} as a subscriber to the 'errorChannel' channel
2020-04-22 15:21:37.242  INFO [users-ws,,,] 18535 --- [SpringContextShutdownHook] o.s.i.channel.PublishSubscribeChannel    : Channel 'application-1.errorChannel' has 0 subscriber(s).
2020-04-22 15:21:37.243  INFO [users-ws,,,] 18535 --- [SpringContextShutdownHook] o.s.i.endpoint.EventDrivenConsumer       : stopped bean '_org.springframework.integration.errorLogger'
2020-04-22 15:21:37.253  INFO [users-ws,,,] 18535 --- [SpringContextShutdownHook] o.s.s.concurrent.ThreadPoolTaskExecutor  : Shutting down ExecutorService 'applicationTaskExecutor'
2020-04-22 15:21:37.286  INFO [users-ws,,,] 18535 --- [SpringContextShutdownHook] j.LocalContainerEntityManagerFactoryBean : Closing JPA EntityManagerFactory for persistence unit 'default'
2020-04-22 15:21:37.296  INFO [users-ws,,,] 18535 --- [SpringContextShutdownHook] o.s.s.c.ThreadPoolTaskScheduler          : Shutting down ExecutorService 'taskScheduler'
2020-04-22 15:21:37.979  INFO [users-ws,,,] 18535 --- [SpringContextShutdownHook] com.zaxxer.hikari.HikariDataSource       : HikariPool-1 - Shutdown initiated...
2020-04-22 15:21:37.998  INFO [users-ws,,,] 18535 --- [SpringContextShutdownHook] com.zaxxer.hikari.HikariDataSource       : HikariPool-1 - Shutdown completed.
2020-04-22 15:21:38.001  INFO [users-ws,,,] 18535 --- [SpringContextShutdownHook] o.s.i.monitor.IntegrationMBeanExporter   : Summary on shutdown: bean 'springCloudBusOutput'
2020-04-22 15:21:38.001  INFO [users-ws,,,] 18535 --- [SpringContextShutdownHook] o.s.i.monitor.IntegrationMBeanExporter   : Summary on shutdown: bean 'springCloudBusInput'
2020-04-22 15:21:38.002  INFO [users-ws,,,] 18535 --- [SpringContextShutdownHook] o.s.i.monitor.IntegrationMBeanExporter   : Summary on shutdown: nullChannel
2020-04-22 15:21:38.002  INFO [users-ws,,,] 18535 --- [SpringContextShutdownHook] o.s.i.monitor.IntegrationMBeanExporter   : Summary on shutdown: bean 'errorChannel'
2020-04-22 15:21:38.002  INFO [users-ws,,,] 18535 --- [SpringContextShutdownHook] o.s.i.monitor.IntegrationMBeanExporter   : Summary on shutdown: bean '_org.springframework.integration.errorLogger.handler' for component '_org.springframework.integration.errorLogger'
2020-04-22 15:21:38.002  INFO [users-ws,,,] 18535 --- [SpringContextShutdownHook] o.s.i.monitor.IntegrationMBeanExporter   : Summary on shutdown: org.springframework.cloud.stream.binding.StreamListenerMessageHandler@58d6006f
2020-04-22 15:21:38.008  INFO [users-ws,,,] 18535 --- [SpringContextShutdownHook] com.netflix.discovery.DiscoveryClient    : Shutting down DiscoveryClient ...
2020-04-22 15:21:41.011  INFO [users-ws,,,] 18535 --- [SpringContextShutdownHook] com.netflix.discovery.DiscoveryClient    : Unregistering ...
2020-04-22 15:21:41.050  INFO [users-ws,,,] 18535 --- [SpringContextShutdownHook] com.netflix.discovery.DiscoveryClient    : DiscoveryClient_USERS-WS/users-ws:653b66eb98af90c522b55a93af566885 - deregister  status: 200
2020-04-22 15:21:41.092  INFO [users-ws,,,] 18535 --- [SpringContextShutdownHook] com.netflix.discovery.DiscoveryClient    : Completed shut down of DiscoveryClient
