2020-04-22 12:39:18.404  INFO [users-ws,,,] 1612 --- [restartedMain] c.c.c.ConfigServicePropertySourceLocator : Fetching config from server at : http://localhost:8012
2020-04-22 12:39:18.630  INFO [users-ws,,,] 1612 --- [restartedMain] c.c.c.ConfigServicePropertySourceLocator : Located environment: name=users-ws, profiles=[default], label=null, version=null, state=null
2020-04-22 12:39:18.631  INFO [users-ws,,,] 1612 --- [restartedMain] b.c.PropertySourceBootstrapConfiguration : Located property source: [BootstrapPropertySource {name='bootstrapProperties-file:///home/alediaz/Desktop/dev/users-ws.properties'}, BootstrapPropertySource {name='bootstrapProperties-file:///home/alediaz/Desktop/dev/application.properties'}]
2020-04-22 12:39:18.696  INFO [users-ws,,,] 1612 --- [restartedMain] c.e.photousers.PhotousersApplication     : No active profile set, falling back to default profiles: default
2020-04-22 12:39:20.152  WARN [users-ws,,,] 1612 --- [restartedMain] o.s.boot.actuate.endpoint.EndpointId     : Endpoint ID 'bus-env' contains invalid characters, please migrate to a valid format.
2020-04-22 12:39:20.424  INFO [users-ws,,,] 1612 --- [restartedMain] .s.d.r.c.RepositoryConfigurationDelegate : Bootstrapping Spring Data JPA repositories in DEFAULT mode.
2020-04-22 12:39:20.496  INFO [users-ws,,,] 1612 --- [restartedMain] .s.d.r.c.RepositoryConfigurationDelegate : Finished Spring Data repository scanning in 61ms. Found 1 JPA repository interfaces.
2020-04-22 12:39:20.578  WARN [users-ws,,,] 1612 --- [restartedMain] o.s.boot.actuate.endpoint.EndpointId     : Endpoint ID 'bus-refresh' contains invalid characters, please migrate to a valid format.
2020-04-22 12:39:20.686  WARN [users-ws,,,] 1612 --- [restartedMain] o.s.boot.actuate.endpoint.EndpointId     : Endpoint ID 'service-registry' contains invalid characters, please migrate to a valid format.
2020-04-22 12:39:20.793  WARN [users-ws,,,] 1612 --- [restartedMain] o.s.boot.actuate.endpoint.EndpointId     : Endpoint ID 'hystrix.stream' contains invalid characters, please migrate to a valid format.
2020-04-22 12:39:21.047  INFO [users-ws,,,] 1612 --- [restartedMain] o.s.cloud.context.scope.GenericScope     : BeanFactory id=3b1f106d-30c1-3264-87fb-c010148c8ba9
2020-04-22 12:39:21.283  INFO [users-ws,,,] 1612 --- [restartedMain] faultConfiguringBeanFactoryPostProcessor : No bean named 'errorChannel' has been explicitly defined. Therefore, a default PublishSubscribeChannel will be created.
2020-04-22 12:39:21.289  INFO [users-ws,,,] 1612 --- [restartedMain] faultConfiguringBeanFactoryPostProcessor : No bean named 'taskScheduler' has been explicitly defined. Therefore, a default ThreadPoolTaskScheduler will be created.
2020-04-22 12:39:21.293  INFO [users-ws,,,] 1612 --- [restartedMain] faultConfiguringBeanFactoryPostProcessor : No bean named 'integrationHeaderChannelRegistry' has been explicitly defined. Therefore, a default DefaultHeaderChannelRegistry will be created.
2020-04-22 12:39:21.704  INFO [users-ws,,,] 1612 --- [restartedMain] trationDelegate$BeanPostProcessorChecker : Bean 'integrationChannelResolver' of type [org.springframework.integration.support.channel.BeanFactoryChannelResolver] is not eligible for getting processed by all BeanPostProcessors (for example: not eligible for auto-proxying)
2020-04-22 12:39:21.711  INFO [users-ws,,,] 1612 --- [restartedMain] trationDelegate$BeanPostProcessorChecker : Bean 'integrationDisposableAutoCreatedBeans' of type [org.springframework.integration.config.annotation.Disposables] is not eligible for getting processed by all BeanPostProcessors (for example: not eligible for auto-proxying)
2020-04-22 12:39:21.754  INFO [users-ws,,,] 1612 --- [restartedMain] trationDelegate$BeanPostProcessorChecker : Bean 'org.springframework.integration.config.IntegrationManagementConfiguration' of type [org.springframework.integration.config.IntegrationManagementConfiguration] is not eligible for getting processed by all BeanPostProcessors (for example: not eligible for auto-proxying)
2020-04-22 12:39:21.772  INFO [users-ws,,,] 1612 --- [restartedMain] trationDelegate$BeanPostProcessorChecker : Bean 'org.springframework.boot.autoconfigure.integration.IntegrationAutoConfiguration$IntegrationJmxConfiguration' of type [org.springframework.boot.autoconfigure.integration.IntegrationAutoConfiguration$IntegrationJmxConfiguration] is not eligible for getting processed by all BeanPostProcessors (for example: not eligible for auto-proxying)
2020-04-22 12:39:21.784  INFO [users-ws,,,] 1612 --- [restartedMain] trationDelegate$BeanPostProcessorChecker : Bean 'org.springframework.boot.autoconfigure.jmx.JmxAutoConfiguration' of type [org.springframework.boot.autoconfigure.jmx.JmxAutoConfiguration] is not eligible for getting processed by all BeanPostProcessors (for example: not eligible for auto-proxying)
2020-04-22 12:39:21.791  INFO [users-ws,,,] 1612 --- [restartedMain] trationDelegate$BeanPostProcessorChecker : Bean 'mbeanServer' of type [com.sun.jmx.mbeanserver.JmxMBeanServer] is not eligible for getting processed by all BeanPostProcessors (for example: not eligible for auto-proxying)
2020-04-22 12:39:22.571  INFO [users-ws,,,] 1612 --- [restartedMain] o.s.b.w.embedded.tomcat.TomcatWebServer  : Tomcat initialized with port(s): 0 (http)
2020-04-22 12:39:22.579  INFO [users-ws,,,] 1612 --- [restartedMain] o.apache.catalina.core.StandardService   : Starting service [Tomcat]
2020-04-22 12:39:22.580  INFO [users-ws,,,] 1612 --- [restartedMain] org.apache.catalina.core.StandardEngine  : Starting Servlet engine: [Apache Tomcat/9.0.33]
2020-04-22 12:39:22.718  INFO [users-ws,,,] 1612 --- [restartedMain] o.a.c.c.C.[Tomcat].[localhost].[/]       : Initializing Spring embedded WebApplicationContext
2020-04-22 12:39:22.718  INFO [users-ws,,,] 1612 --- [restartedMain] o.s.web.context.ContextLoader            : Root WebApplicationContext: initialization completed in 4003 ms
2020-04-22 12:39:22.932  WARN [users-ws,,,] 1612 --- [restartedMain] c.n.c.sources.URLConfigurationSource     : No URLs will be polled as dynamic configuration sources.
2020-04-22 12:39:22.932  INFO [users-ws,,,] 1612 --- [restartedMain] c.n.c.sources.URLConfigurationSource     : To enable URLs as dynamic configuration sources, define System property archaius.configurationSource.additionalUrls or make config.properties available on classpath.
2020-04-22 12:39:22.942  INFO [users-ws,,,] 1612 --- [restartedMain] c.netflix.config.DynamicPropertyFactory  : DynamicPropertyFactory is initialized with configuration sources: com.netflix.config.ConcurrentCompositeConfiguration@d57e43c
2020-04-22 12:39:23.051  INFO [users-ws,,,] 1612 --- [restartedMain] com.zaxxer.hikari.HikariDataSource       : HikariPool-1 - Starting...
2020-04-22 12:39:23.631  INFO [users-ws,,,] 1612 --- [restartedMain] com.zaxxer.hikari.HikariDataSource       : HikariPool-1 - Start completed.
2020-04-22 12:39:23.635  INFO [users-ws,,,] 1612 --- [restartedMain] o.s.b.a.h2.H2ConsoleAutoConfiguration    : H2 console available at '/h2-console'. Database available at 'jdbc:mysql://localhost:3306/photo_app?serverTimezone=UTC'
2020-04-22 12:39:24.237  WARN [users-ws,,,] 1612 --- [restartedMain] o.s.c.s.zipkin2.ZipkinAutoConfiguration  : Check result of the [AsyncReporter{org.springframework.cloud.sleuth.zipkin2.sender.RestTemplateSender@7ffabcde}] contains an error [CheckResult{ok=false, error=org.springframework.web.client.ResourceAccessException: I/O error on POST request for "http://localhost:9411/api/v2/spans": Connection refused (Connection refused); nested exception is java.net.ConnectException: Connection refused (Connection refused)}]
2020-04-22 12:39:25.080  INFO [users-ws,,,] 1612 --- [restartedMain] o.s.s.c.ThreadPoolTaskScheduler          : Initializing ExecutorService 'taskScheduler'
2020-04-22 12:39:26.175  INFO [users-ws,,,] 1612 --- [restartedMain] o.hibernate.jpa.internal.util.LogHelper  : HHH000204: Processing PersistenceUnitInfo [name: default]
2020-04-22 12:39:26.277  INFO [users-ws,,,] 1612 --- [restartedMain] org.hibernate.Version                    : HHH000412: Hibernate ORM core version 5.4.12.Final
2020-04-22 12:39:26.444  INFO [users-ws,,,] 1612 --- [restartedMain] o.hibernate.annotations.common.Version   : HCANN000001: Hibernate Commons Annotations {5.1.0.Final}
2020-04-22 12:39:26.605  INFO [users-ws,,,] 1612 --- [restartedMain] org.hibernate.dialect.Dialect            : HHH000400: Using dialect: org.hibernate.dialect.MySQL57Dialect
2020-04-22 12:39:27.666  INFO [users-ws,,,] 1612 --- [restartedMain] o.h.e.t.j.p.i.JtaPlatformInitiator       : HHH000490: Using JtaPlatform implementation: [org.hibernate.engine.transaction.jta.platform.internal.NoJtaPlatform]
2020-04-22 12:39:27.678  INFO [users-ws,,,] 1612 --- [restartedMain] j.LocalContainerEntityManagerFactoryBean : Initialized JPA EntityManagerFactory for persistence unit 'default'
2020-04-22 12:39:27.746  INFO [users-ws,,,] 1612 --- [restartedMain] o.s.b.d.a.OptionalLiveReloadServer       : LiveReload server is running on port 35729
2020-04-22 12:39:28.307  WARN [users-ws,,,] 1612 --- [restartedMain] JpaBaseConfiguration$JpaWebConfiguration : spring.jpa.open-in-view is enabled by default. Therefore, database queries may be performed during view rendering. Explicitly configure spring.jpa.open-in-view to disable this warning
2020-04-22 12:39:29.167  INFO [users-ws,,,] 1612 --- [restartedMain] o.s.b.a.e.web.EndpointLinksResolver      : Exposing 0 endpoint(s) beneath base path '/actuator'
2020-04-22 12:39:29.242  INFO [users-ws,,,] 1612 --- [restartedMain] o.s.s.web.DefaultSecurityFilterChain     : Creating filter chain: any request, [org.springframework.security.web.context.request.async.WebAsyncManagerIntegrationFilter@239b45c2, org.springframework.security.web.context.SecurityContextPersistenceFilter@510861b7, org.springframework.security.web.header.HeaderWriterFilter@2d89cd37, org.springframework.web.filter.CorsFilter@1a7f7110, org.springframework.security.web.authentication.logout.LogoutFilter@5f53c0d6, com.example.photousers.security.AuthenticationFilter@454fa83a, org.springframework.security.web.savedrequest.RequestCacheAwareFilter@6d032a84, org.springframework.security.web.servletapi.SecurityContextHolderAwareRequestFilter@14dd3ad3, org.springframework.security.web.authentication.AnonymousAuthenticationFilter@215144c7, org.springframework.security.web.session.SessionManagementFilter@36d380d3, org.springframework.security.web.access.ExceptionTranslationFilter@4a429d8b, org.springframework.security.web.access.intercept.FilterSecurityInterceptor@4782e612]
2020-04-22 12:39:29.311  WARN [users-ws,,,] 1612 --- [restartedMain] c.n.c.sources.URLConfigurationSource     : No URLs will be polled as dynamic configuration sources.
2020-04-22 12:39:29.311  INFO [users-ws,,,] 1612 --- [restartedMain] c.n.c.sources.URLConfigurationSource     : To enable URLs as dynamic configuration sources, define System property archaius.configurationSource.additionalUrls or make config.properties available on classpath.
2020-04-22 12:39:29.476  INFO [users-ws,,,] 1612 --- [restartedMain] o.s.s.concurrent.ThreadPoolTaskExecutor  : Initializing ExecutorService 'applicationTaskExecutor'
2020-04-22 12:39:30.380  INFO [users-ws,,,] 1612 --- [restartedMain] onConfiguration$FunctionBindingRegistrar : Functional binding is disabled due to the presense of @EnableBinding annotation in your configuration
2020-04-22 12:39:31.146  WARN [users-ws,,,] 1612 --- [restartedMain] ockingLoadBalancerClientRibbonWarnLogger : You already have RibbonLoadBalancerClient on your classpath. It will be used by default. As Spring Cloud Ribbon is in maintenance mode. We recommend switching to BlockingLoadBalancerClient instead. In order to use it, set the value of `spring.cloud.loadbalancer.ribbon.enabled` to `false` or remove spring-cloud-starter-netflix-ribbon from your project.
2020-04-22 12:39:31.719  INFO [users-ws,,,] 1612 --- [restartedMain] o.s.c.s.m.DirectWithAttributesChannel    : Channel 'application-1.springCloudBusInput' has 1 subscriber(s).
2020-04-22 12:39:31.857  INFO [users-ws,,,] 1612 --- [restartedMain] o.s.i.monitor.IntegrationMBeanExporter   : Registering MessageChannel nullChannel
2020-04-22 12:39:31.876  INFO [users-ws,,,] 1612 --- [restartedMain] o.s.i.monitor.IntegrationMBeanExporter   : Registering MessageChannel springCloudBusInput
2020-04-22 12:39:31.939  INFO [users-ws,,,] 1612 --- [restartedMain] o.s.i.monitor.IntegrationMBeanExporter   : Registering MessageChannel errorChannel
2020-04-22 12:39:31.977  INFO [users-ws,,,] 1612 --- [restartedMain] o.s.i.monitor.IntegrationMBeanExporter   : Registering MessageChannel springCloudBusOutput
2020-04-22 12:39:31.994  INFO [users-ws,,,] 1612 --- [restartedMain] o.s.i.monitor.IntegrationMBeanExporter   : Registering MessageHandler org.springframework.cloud.stream.binding.StreamListenerMessageHandler@6c323d70
2020-04-22 12:39:32.057  INFO [users-ws,,,] 1612 --- [restartedMain] o.s.i.monitor.IntegrationMBeanExporter   : Registering MessageHandler errorLogger
2020-04-22 12:39:32.113  INFO [users-ws,,,] 1612 --- [restartedMain] o.s.i.endpoint.EventDrivenConsumer       : Adding {logging-channel-adapter:_org.springframework.integration.errorLogger} as a subscriber to the 'errorChannel' channel
2020-04-22 12:39:32.114  INFO [users-ws,,,] 1612 --- [restartedMain] o.s.i.channel.PublishSubscribeChannel    : Channel 'application-1.errorChannel' has 1 subscriber(s).
2020-04-22 12:39:32.114  INFO [users-ws,,,] 1612 --- [restartedMain] o.s.i.endpoint.EventDrivenConsumer       : started bean '_org.springframework.integration.errorLogger'
2020-04-22 12:39:32.242  INFO [users-ws,,,] 1612 --- [restartedMain] c.c.c.ConfigServicePropertySourceLocator : Fetching config from server at : http://localhost:8012
2020-04-22 12:39:32.302  INFO [users-ws,,,] 1612 --- [restartedMain] c.c.c.ConfigServicePropertySourceLocator : Located environment: name=users-ws, profiles=[default], label=null, version=null, state=null
2020-04-22 12:39:32.303  INFO [users-ws,,,] 1612 --- [restartedMain] b.c.PropertySourceBootstrapConfiguration : Located property source: [BootstrapPropertySource {name='bootstrapProperties-file:///home/alediaz/Desktop/dev/users-ws.properties'}, BootstrapPropertySource {name='bootstrapProperties-file:///home/alediaz/Desktop/dev/application.properties'}]
2020-04-22 12:39:32.642  INFO [users-ws,,,] 1612 --- [restartedMain] o.s.a.r.c.CachingConnectionFactory       : Attempting to connect to: [localhost:5672]
2020-04-22 12:39:32.956  INFO [users-ws,,,] 1612 --- [restartedMain] o.s.a.r.c.CachingConnectionFactory       : Created new connection: rabbitConnectionFactory#18f65b82:0/SimpleConnection@734f9b5c [delegate=amqp://guest@127.0.0.1:5672/, localPort= 41518]
2020-04-22 12:39:33.131  INFO [users-ws,,,] 1612 --- [restartedMain] o.s.c.s.m.DirectWithAttributesChannel    : Channel 'application-1.springCloudBusOutput' has 1 subscriber(s).
2020-04-22 12:39:33.186  INFO [users-ws,,,] 1612 --- [restartedMain] c.s.b.r.p.RabbitExchangeQueueProvisioner : declaring queue for inbound: springCloudBus.anonymous.x9wtya32QsWa57YFqT0KXA, bound to: springCloudBus
2020-04-22 12:39:33.399  INFO [users-ws,,,] 1612 --- [restartedMain] o.s.c.stream.binder.BinderErrorChannel   : Channel 'springCloudBus.anonymous.x9wtya32QsWa57YFqT0KXA.errors' has 1 subscriber(s).
2020-04-22 12:39:33.400  INFO [users-ws,,,] 1612 --- [restartedMain] o.s.c.stream.binder.BinderErrorChannel   : Channel 'springCloudBus.anonymous.x9wtya32QsWa57YFqT0KXA.errors' has 2 subscriber(s).
2020-04-22 12:39:33.443  INFO [users-ws,,,] 1612 --- [restartedMain] o.s.i.a.i.AmqpInboundChannelAdapter      : started bean 'inbound.springCloudBus.anonymous.x9wtya32QsWa57YFqT0KXA'
2020-04-22 12:39:33.482  INFO [users-ws,,,] 1612 --- [restartedMain] o.s.i.monitor.IntegrationMBeanExporter   : Registering MessageChannel springCloudBus.anonymous.x9wtya32QsWa57YFqT0KXA.errors
2020-04-22 12:39:33.592  INFO [users-ws,,,] 1612 --- [restartedMain] o.s.b.w.embedded.tomcat.TomcatWebServer  : Tomcat started on port(s): 37819 (http) with context path ''
2020-04-22 12:39:33.592  INFO [users-ws,,,] 1612 --- [restartedMain] .s.c.n.e.s.EurekaAutoServiceRegistration : Updating port to 37819
2020-04-22 12:39:33.597  INFO [users-ws,,,] 1612 --- [restartedMain] o.s.c.n.eureka.InstanceInfoFactory       : Setting initial instance status as: STARTING
2020-04-22 12:39:33.637  INFO [users-ws,,,] 1612 --- [restartedMain] com.netflix.discovery.DiscoveryClient    : Initializing Eureka in region us-east-1
2020-04-22 12:39:33.719  INFO [users-ws,,,] 1612 --- [restartedMain] c.n.d.provider.DiscoveryJerseyProvider   : Using JSON encoding codec LegacyJacksonJson
2020-04-22 12:39:33.719  INFO [users-ws,,,] 1612 --- [restartedMain] c.n.d.provider.DiscoveryJerseyProvider   : Using JSON decoding codec LegacyJacksonJson
2020-04-22 12:39:33.837  INFO [users-ws,,,] 1612 --- [restartedMain] c.n.d.provider.DiscoveryJerseyProvider   : Using XML encoding codec XStreamXml
2020-04-22 12:39:33.838  INFO [users-ws,,,] 1612 --- [restartedMain] c.n.d.provider.DiscoveryJerseyProvider   : Using XML decoding codec XStreamXml
2020-04-22 12:39:34.021  INFO [users-ws,,,] 1612 --- [restartedMain] c.n.d.s.r.aws.ConfigClusterResolver      : Resolving eureka endpoints via configuration
2020-04-22 12:39:34.039  INFO [users-ws,,,] 1612 --- [restartedMain] com.netflix.discovery.DiscoveryClient    : Disable delta property : false
2020-04-22 12:39:34.039  INFO [users-ws,,,] 1612 --- [restartedMain] com.netflix.discovery.DiscoveryClient    : Single vip registry refresh property : null
2020-04-22 12:39:34.039  INFO [users-ws,,,] 1612 --- [restartedMain] com.netflix.discovery.DiscoveryClient    : Force full registry fetch : false
2020-04-22 12:39:34.040  INFO [users-ws,,,] 1612 --- [restartedMain] com.netflix.discovery.DiscoveryClient    : Application is null : false
2020-04-22 12:39:34.040  INFO [users-ws,,,] 1612 --- [restartedMain] com.netflix.discovery.DiscoveryClient    : Registered Applications size is zero : true
2020-04-22 12:39:34.040  INFO [users-ws,,,] 1612 --- [restartedMain] com.netflix.discovery.DiscoveryClient    : Application version is -1: true
2020-04-22 12:39:34.040  INFO [users-ws,,,] 1612 --- [restartedMain] com.netflix.discovery.DiscoveryClient    : Getting all instance registry info from the eureka server
2020-04-22 12:39:34.226  INFO [users-ws,,,] 1612 --- [restartedMain] com.netflix.discovery.DiscoveryClient    : The response status is 200
2020-04-22 12:39:34.228  INFO [users-ws,,,] 1612 --- [restartedMain] com.netflix.discovery.DiscoveryClient    : Starting heartbeat executor: renew interval is: 30
2020-04-22 12:39:34.230  INFO [users-ws,,,] 1612 --- [restartedMain] c.n.discovery.InstanceInfoReplicator     : InstanceInfoReplicator onDemand update allowed rate per min is 4
2020-04-22 12:39:34.236  INFO [users-ws,,,] 1612 --- [restartedMain] com.netflix.discovery.DiscoveryClient    : Discovery Client initialized at timestamp 1587573574233 with initial instances count: 0
2020-04-22 12:39:34.246  INFO [users-ws,,,] 1612 --- [restartedMain] o.s.c.n.e.s.EurekaServiceRegistry        : Registering application USERS-WS with eureka with status UP
2020-04-22 12:39:34.247  INFO [users-ws,,,] 1612 --- [restartedMain] com.netflix.discovery.DiscoveryClient    : Saw local status change event StatusChangeEvent [timestamp=1587573574247, current=UP, previous=STARTING]
2020-04-22 12:39:34.248  INFO [users-ws,,,] 1612 --- [DiscoveryClient-InstanceInfoReplicator-0] com.netflix.discovery.DiscoveryClient    : DiscoveryClient_USERS-WS/users-ws:c190ffcb8ec1c8274a6be2776ac7ce14: registering service...
2020-04-22 12:39:34.283  INFO [users-ws,,,] 1612 --- [restartedMain] c.e.photousers.PhotousersApplication     : Started PhotousersApplication in 17.458 seconds (JVM running for 18.436)
2020-04-22 12:39:34.299  INFO [users-ws,,,] 1612 --- [DiscoveryClient-InstanceInfoReplicator-0] com.netflix.discovery.DiscoveryClient    : DiscoveryClient_USERS-WS/users-ws:c190ffcb8ec1c8274a6be2776ac7ce14 - registration status: 204
2020-04-22 12:39:34.639  INFO [users-ws,,,] 1612 --- [RMI TCP Connection(2)-127.0.0.1] o.a.c.c.C.[Tomcat].[localhost].[/]       : Initializing Spring DispatcherServlet 'dispatcherServlet'
2020-04-22 12:39:34.639  INFO [users-ws,,,] 1612 --- [RMI TCP Connection(2)-127.0.0.1] o.s.web.servlet.DispatcherServlet        : Initializing Servlet 'dispatcherServlet'
2020-04-22 12:39:34.673  INFO [users-ws,,,] 1612 --- [RMI TCP Connection(2)-127.0.0.1] o.s.web.servlet.DispatcherServlet        : Completed initialization in 34 ms
2020-04-22 12:39:34.720  INFO [users-ws,,,] 1612 --- [RMI TCP Connection(3)-127.0.0.1] c.c.c.ConfigServicePropertySourceLocator : Fetching config from server at : http://localhost:8012
2020-04-22 12:39:34.779  INFO [users-ws,,,] 1612 --- [RMI TCP Connection(3)-127.0.0.1] c.c.c.ConfigServicePropertySourceLocator : Located environment: name=users-ws, profiles=[default], label=null, version=null, state=null
2020-04-22 12:39:38.122  INFO [users-ws,,,] 1612 --- [SpringContextShutdownHook] o.s.c.n.e.s.EurekaServiceRegistry        : Unregistering application USERS-WS with eureka with status DOWN
2020-04-22 12:39:38.271  WARN [users-ws,,,] 1612 --- [SpringContextShutdownHook] com.netflix.discovery.DiscoveryClient    : Saw local status change event StatusChangeEvent [timestamp=1587573578271, current=DOWN, previous=UP]
2020-04-22 12:39:38.287  INFO [users-ws,,,] 1612 --- [DiscoveryClient-InstanceInfoReplicator-0] com.netflix.discovery.DiscoveryClient    : DiscoveryClient_USERS-WS/users-ws:c190ffcb8ec1c8274a6be2776ac7ce14: registering service...
2020-04-22 12:39:38.307  INFO [users-ws,,,] 1612 --- [DiscoveryClient-InstanceInfoReplicator-0] com.netflix.discovery.DiscoveryClient    : DiscoveryClient_USERS-WS/users-ws:c190ffcb8ec1c8274a6be2776ac7ce14 - registration status: 204
2020-04-22 12:39:38.432  INFO [users-ws,,,] 1612 --- [SpringContextShutdownHook] o.s.a.r.l.SimpleMessageListenerContainer : Waiting for workers to finish.
2020-04-22 12:39:38.476  INFO [users-ws,,,] 1612 --- [SpringContextShutdownHook] o.s.a.r.l.SimpleMessageListenerContainer : Successfully waited for workers to finish.
2020-04-22 12:39:38.477  INFO [users-ws,,,] 1612 --- [SpringContextShutdownHook] o.s.i.a.i.AmqpInboundChannelAdapter      : stopped bean 'inbound.springCloudBus.anonymous.x9wtya32QsWa57YFqT0KXA'
2020-04-22 12:39:38.487  INFO [users-ws,,,] 1612 --- [SpringContextShutdownHook] o.s.c.stream.binder.BinderErrorChannel   : Channel 'application-1.springCloudBus.anonymous.x9wtya32QsWa57YFqT0KXA.errors' has 1 subscriber(s).
2020-04-22 12:39:38.489  INFO [users-ws,,,] 1612 --- [SpringContextShutdownHook] o.s.c.stream.binder.BinderErrorChannel   : Channel 'application-1.springCloudBus.anonymous.x9wtya32QsWa57YFqT0KXA.errors' has 0 subscriber(s).
2020-04-22 12:39:38.504  INFO [users-ws,,,] 1612 --- [SpringContextShutdownHook] o.s.i.endpoint.EventDrivenConsumer       : Removing {logging-channel-adapter:_org.springframework.integration.errorLogger} as a subscriber to the 'errorChannel' channel
2020-04-22 12:39:38.507  INFO [users-ws,,,] 1612 --- [SpringContextShutdownHook] o.s.i.channel.PublishSubscribeChannel    : Channel 'application-1.errorChannel' has 0 subscriber(s).
2020-04-22 12:39:38.508  INFO [users-ws,,,] 1612 --- [SpringContextShutdownHook] o.s.i.endpoint.EventDrivenConsumer       : stopped bean '_org.springframework.integration.errorLogger'
2020-04-22 12:39:38.517  INFO [users-ws,,,] 1612 --- [SpringContextShutdownHook] o.s.s.concurrent.ThreadPoolTaskExecutor  : Shutting down ExecutorService 'applicationTaskExecutor'
2020-04-22 12:39:38.536  INFO [users-ws,,,] 1612 --- [SpringContextShutdownHook] j.LocalContainerEntityManagerFactoryBean : Closing JPA EntityManagerFactory for persistence unit 'default'
2020-04-22 12:39:38.543  INFO [users-ws,,,] 1612 --- [SpringContextShutdownHook] o.s.s.c.ThreadPoolTaskScheduler          : Shutting down ExecutorService 'taskScheduler'
2020-04-22 12:39:39.447  INFO [users-ws,,,] 1612 --- [SpringContextShutdownHook] com.zaxxer.hikari.HikariDataSource       : HikariPool-1 - Shutdown initiated...
2020-04-22 12:39:39.457  INFO [users-ws,,,] 1612 --- [SpringContextShutdownHook] com.zaxxer.hikari.HikariDataSource       : HikariPool-1 - Shutdown completed.
2020-04-22 12:39:39.459  INFO [users-ws,,,] 1612 --- [SpringContextShutdownHook] o.s.i.monitor.IntegrationMBeanExporter   : Summary on shutdown: nullChannel
2020-04-22 12:39:39.459  INFO [users-ws,,,] 1612 --- [SpringContextShutdownHook] o.s.i.monitor.IntegrationMBeanExporter   : Summary on shutdown: bean 'springCloudBusInput'
2020-04-22 12:39:39.459  INFO [users-ws,,,] 1612 --- [SpringContextShutdownHook] o.s.i.monitor.IntegrationMBeanExporter   : Summary on shutdown: bean 'errorChannel'
2020-04-22 12:39:39.459  INFO [users-ws,,,] 1612 --- [SpringContextShutdownHook] o.s.i.monitor.IntegrationMBeanExporter   : Summary on shutdown: bean 'springCloudBusOutput'
2020-04-22 12:39:39.459  INFO [users-ws,,,] 1612 --- [SpringContextShutdownHook] o.s.i.monitor.IntegrationMBeanExporter   : Summary on shutdown: org.springframework.cloud.stream.binding.StreamListenerMessageHandler@6c323d70
2020-04-22 12:39:39.459  INFO [users-ws,,,] 1612 --- [SpringContextShutdownHook] o.s.i.monitor.IntegrationMBeanExporter   : Summary on shutdown: bean '_org.springframework.integration.errorLogger.handler' for component '_org.springframework.integration.errorLogger'
2020-04-22 12:39:39.460  INFO [users-ws,,,] 1612 --- [SpringContextShutdownHook] com.netflix.discovery.DiscoveryClient    : Shutting down DiscoveryClient ...
2020-04-22 12:39:42.464  INFO [users-ws,,,] 1612 --- [SpringContextShutdownHook] com.netflix.discovery.DiscoveryClient    : Unregistering ...
2020-04-22 12:39:42.760  INFO [users-ws,,,] 1612 --- [SpringContextShutdownHook] com.netflix.discovery.DiscoveryClient    : DiscoveryClient_USERS-WS/users-ws:c190ffcb8ec1c8274a6be2776ac7ce14 - deregister  status: 200
2020-04-22 12:39:42.779  INFO [users-ws,,,] 1612 --- [SpringContextShutdownHook] com.netflix.discovery.DiscoveryClient    : Completed shut down of DiscoveryClient
